[2020.01.06-03.36.29:806][  0]Log file open, 01/05/20 19:36:29
[2020.01.06-03.36.29:806][  0]LogMemory: Platform Memory Stats for WindowsServer
[2020.01.06-03.36.29:806][  0]LogMemory: Process Physical Memory: 58.75 MB used, 58.75 MB peak
[2020.01.06-03.36.29:807][  0]LogMemory: Process Virtual Memory: 49.91 MB used, 50.04 MB peak
[2020.01.06-03.36.29:807][  0]LogMemory: Physical Memory: 226072.41 MB used, 262109.80 MB total
[2020.01.06-03.36.29:807][  0]LogMemory: Virtual Memory: 285.97 MB used, 134217728.00 MB total
[2020.01.06-03.36.31:013][  0]ARK Version: 304.41
[2020.01.06-03.36.31:013][  0]PID: 16376
[2020.01.06-03.44.50:827][  0]Primal Game Data Took 490.94 seconds
[2020.01.06-03.45.02:562][  0]Set new sublevel to load: /Game/Maps/TheIslandSubMaps/LandscapeSublevel_Winter
[2020.01.06-03.45.02:562][  0]Set existing sublevel to not load: /Game/Maps/TheIslandSubMaps/LandscapeSublevel
[2020.01.06-03.46.14:874][  0]Server Initializing with BattlEye Anti-Cheat Protection. If you do not wish to use BattlEye, please launch with -NoBattlEye
[2020.01.06-03.46.14:877][  0]BattlEye successfully started.
[2020.01.06-03.47.01:237][  0]Server: "ironark" has successfully started!
[2020.01.06-03.47.16:148][  0]Commandline: "../../../ShooterGame/ShooterGame.uproject" "/Game/Maps/TheIslandSubMaps/TheIsland?Multihome=107.173.81.34?Port=30615?QueryPort=30616?SessionName=ironark?MaxPlayers=10?listen?ServerPassword=?ServerAdminPassword=ironAdmin0?RCONEnabled=True?RCONPort=30617?AltSaveDirectoryName=SavedArk98885" -AltSaveDirectoryName=SavedArk98885    -speedhackbias=1f            -culture=en    -NoTransferFromFiltering              -nosteamclient -game -server -log -NoCrashDialog
[2020.01.06-03.47.16:148][  0]Full Startup: 652.01 seconds (BP compile: 0.00 seconds)
[2020.01.06-03.47.16:148][  0]Number of cores 16
[2020.01.06-03.51.12:066][887]Closing by request
[2020.01.06-03.51.12:066][887] - FPlatformMisc::RequestExit(0)
[2020.01.06-03.51.12:068][888] - FPlatformMisc::RequestExit(1)
[2020.01.06-03.51.12:068][888]Log file closed, 01/05/20 19:51:12
