[2020.01.07-17.00.51:091][  0]Log file open, 01/07/20 09:00:51
[2020.01.07-17.00.51:091][  0]LogMemory: Platform Memory Stats for WindowsServer
[2020.01.07-17.00.51:091][  0]LogMemory: Process Physical Memory: 58.77 MB used, 58.77 MB peak
[2020.01.07-17.00.51:092][  0]LogMemory: Process Virtual Memory: 50.23 MB used, 50.36 MB peak
[2020.01.07-17.00.51:092][  0]LogMemory: Physical Memory: 233874.52 MB used, 262109.80 MB total
[2020.01.07-17.00.51:092][  0]LogMemory: Virtual Memory: 286.21 MB used, 134217728.00 MB total
[2020.01.07-17.00.52:164][  0]ARK Version: 304.41
[2020.01.07-17.00.52:164][  0]PID: 11428
[2020.01.07-17.09.07:509][  0]Primal Game Data Took 484.92 seconds
[2020.01.07-17.09.19:625][  0]Set new sublevel to load: /Game/Maps/TheIslandSubMaps/LandscapeSublevel_Winter
[2020.01.07-17.09.19:625][  0]Set existing sublevel to not load: /Game/Maps/TheIslandSubMaps/LandscapeSublevel
[2020.01.07-17.10.35:361][  0]Server Initializing with BattlEye Anti-Cheat Protection. If you do not wish to use BattlEye, please launch with -NoBattlEye
[2020.01.07-17.10.35:381][  0]BattlEye successfully started.
[2020.01.07-17.11.16:122][  0]Server: "ironark" has successfully started!
[2020.01.07-17.11.30:155][  0]Commandline: "../../../ShooterGame/ShooterGame.uproject" "/Game/Maps/TheIslandSubMaps/TheIsland?Multihome=107.173.81.34?Port=30615?QueryPort=30616?SessionName=ironark?MaxPlayers=10?listen?ServerPassword=9967?ServerAdminPassword=ironarkAdmin0?RCONEnabled=True?RCONPort=30617?AltSaveDirectoryName=SavedArk98885" -AltSaveDirectoryName=SavedArk98885    -speedhackbias=1f            -culture=en    -NoTransferFromFiltering              -nosteamclient -game -server -log -NoCrashDialog
[2020.01.07-17.11.30:155][  0]Full Startup: 645.32 seconds (BP compile: 0.00 seconds)
[2020.01.07-17.11.30:156][  0]Number of cores 16
[2020.01.07-17.29.15:883][764]Closing by request
[2020.01.07-17.29.15:884][764] - FPlatformMisc::RequestExit(0)
[2020.01.07-17.29.15:889][765] - FPlatformMisc::RequestExit(1)
[2020.01.07-17.29.15:889][765]Log file closed, 01/07/20 09:29:15
