[2020.03.09-19.27.57:888][  0]Log file open, 03/09/20 14:27:57
[2020.03.09-19.27.57:888][  0]LogMemory: Platform Memory Stats for WindowsServer
[2020.03.09-19.27.57:888][  0]LogMemory: Process Physical Memory: 59.61 MB used, 59.62 MB peak
[2020.03.09-19.27.57:888][  0]LogMemory: Process Virtual Memory: 49.59 MB used, 49.72 MB peak
[2020.03.09-19.27.57:888][  0]LogMemory: Physical Memory: 57395.22 MB used, 65436.48 MB total
[2020.03.09-19.27.57:888][  0]LogMemory: Virtual Memory: 4396.87 MB used, 134217728.00 MB total
[2020.03.09-19.27.58:297][  0]ARK Version: 306.5
[2020.03.09-19.27.58:297][  0]PID: 17248
[2020.03.09-19.28.56:356][  0]Primal Game Data Took 54.42 seconds
[2020.03.09-19.30.08:328][  0]Server: "ironark" has successfully started!
[2020.03.09-19.30.19:600][  0]Commandline: "TheIsland?RCONEnabled=True?RCONPort=27054?SessionName=ironark?MaxPlayers=30?Port=27053?QueryPort=27053?NonPermanentDiseases=true?AllowRaidDinoFeeding=true?PreventDiseases=false?AutoDestroyOldStructuresMultiplier=1?ShowFloatingDamageText=true?AllowAnyoneBabyImprintCuddle=true?OverrideStructurePlatformPrevention=true?TribeLogDestroyedEnemyStructures=true?PvEAllowStructuresAtSupplyDrops=true?OverrideOfficialDifficulty=4?PreventOfflinePvPInterval=900?ServerPassword=9967?ServerAdminPassword=ironarkAdmin0?listen -ForceAllowCaveFlyers  -NoBattlEye  -clusterid= 
[2020.03.09-19.30.19:600][  0]Full Startup: 143.92 seconds (BP compile: 0.00 seconds)
[2020.03.09-19.30.19:600][  0]Number of cores 6
[2020.03.09-19.30.20:002][  3]AllActors Call During Gameplay: World Time 2683344.3, Class DinoStorage2CCA_C
[2020.03.09-19.30.49:631][876]AllActors Call During Gameplay: World Time 2683374.0, Class CompostBin_C
[2020.03.09-19.46.00:756][ 93]AllActors Call During Gameplay: World Time 2684284.0, Class DinoStorage2CCA_C
[2020.03.09-19.46.03:989][190]AllActors Call During Gameplay: World Time 2684287.3, Class DinoStorage2CCA_C
[2020.03.09-19.46.07:453][294]AllActors Call During Gameplay: World Time 2684290.8, Class DinoStorage2CCA_C
[2020.03.09-19.46.10:764][393]AllActors Call During Gameplay: World Time 2684294.0, Class DinoStorage2CCA_C
[2020.03.09-19.52.32:283][819]AllActors Call During Gameplay: World Time 2684675.5, Class DinoStorage2CCA_C
[2020.03.09-19.52.36:648][950]AllActors Call During Gameplay: World Time 2684680.0, Class DinoStorage2CCA_C
[2020.03.09-19.52.42:457][124]AllActors Call During Gameplay: World Time 2684685.8, Class DinoStorage2CCA_C
[2020.03.09-19.52.46:691][251]AllActors Call During Gameplay: World Time 2684690.0, Class DinoStorage2CCA_C
[2020.03.09-19.53.34:529][681]AllActors Call During Gameplay: World Time 2684737.8, Class StarGates_BP_C
[2020.03.09-19.53.46:442][ 37]AllActors Call During Gameplay: World Time 2684749.8, Class StarGates_BP_C
[2020.03.09-19.53.52:903][230]AllActors Call During Gameplay: World Time 2684756.3, Class StarGates_BP_C
[2020.03.09-20.01.56:419][661]AllActors Call During Gameplay: World Time 2685239.0, Class StarGates_BP_C
[2020.03.09-20.02.13:469][171]AllActors Call During Gameplay: World Time 2685256.0, Class DinoStorage2CCA_C
[2020.03.09-23.50.08:934][602]AllActors Call During Gameplay: World Time 2698923.0, Class DinoStorage2CCA_C
[2020.03.10-00.14.02:855][458]AllActors Call During Gameplay: World Time 2700355.8, Class DinoStorage2CCA_C
[2020.03.10-00.25.14:724][525]AllActors Call During Gameplay: World Time 2701027.0, Class StarGates_BP_C
[2020.03.10-00.25.18:030][624]AllActors Call During Gameplay: World Time 2701030.3, Class StarGates_BP_C
[2020.03.10-00.25.59:204][854]AllActors Call During Gameplay: World Time 2701071.5, Class StarGates_BP_C
[2020.03.10-00.27.27:066][483]AllActors Call During Gameplay: World Time 2701159.3, Class DinoStorage2CCA_C
[2020.03.10-00.27.34:698][712]AllActors Call During Gameplay: World Time 2701167.0, Class DinoStorage2CCA_C
[2020.03.10-00.27.42:180][936]AllActors Call During Gameplay: World Time 2701174.5, Class DinoStorage2CCA_C
[2020.03.10-00.27.49:695][161]AllActors Call During Gameplay: World Time 2701182.0, Class DinoStorage2CCA_C