[2020.01.08-12.24.50:806][  0]Log file open, 01/08/20 04:24:50
[2020.01.08-12.24.50:806][  0]LogMemory: Platform Memory Stats for WindowsServer
[2020.01.08-12.24.50:806][  0]LogMemory: Process Physical Memory: 58.80 MB used, 58.80 MB peak
[2020.01.08-12.24.50:807][  0]LogMemory: Process Virtual Memory: 50.37 MB used, 50.50 MB peak
[2020.01.08-12.24.50:807][  0]LogMemory: Physical Memory: 247469.69 MB used, 262109.80 MB total
[2020.01.08-12.24.50:807][  0]LogMemory: Virtual Memory: 286.21 MB used, 134217728.00 MB total
[2020.01.08-12.24.51:851][  0]ARK Version: 304.41
[2020.01.08-12.24.51:851][  0]PID: 18120
[2020.01.08-12.32.44:550][  0]Primal Game Data Took 462.56 seconds
[2020.01.08-12.32.56:140][  0]Set new sublevel to load: /Game/Maps/TheIslandSubMaps/LandscapeSublevel_Winter
[2020.01.08-12.32.56:140][  0]Set existing sublevel to not load: /Game/Maps/TheIslandSubMaps/LandscapeSublevel
[2020.01.08-12.34.10:140][  0]Server Initializing with BattlEye Anti-Cheat Protection. If you do not wish to use BattlEye, please launch with -NoBattlEye
[2020.01.08-12.34.10:143][  0]BattlEye successfully started.
[2020.01.08-12.34.56:938][  0]Server: "ironark" has successfully started!
[2020.01.08-12.35.10:292][  0]Commandline: "../../../ShooterGame/ShooterGame.uproject" "/Game/Maps/TheIslandSubMaps/TheIsland?Multihome=107.173.81.34?Port=30615?QueryPort=30616?SessionName=ironark?MaxPlayers=10?listen?ServerPassword=9967?ServerAdminPassword=ironarkAdmin0?RCONEnabled=True?RCONPort=30617?AltSaveDirectoryName=SavedArk98885" -AltSaveDirectoryName=SavedArk98885    -speedhackbias=1f            -culture=en    -NoTransferFromFiltering              -nosteamclient -game -server -log -NoCrashDialog
[2020.01.08-12.35.10:292][  0]Full Startup: 625.34 seconds (BP compile: 0.00 seconds)
[2020.01.08-12.35.10:293][  0]Number of cores 16
[2020.01.08-13.09.57:972][389]'SetMessageOfTheDay': Bad or missing property 'Message'
[2020.01.08-19.20.37:598][411]Closing by request
[2020.01.08-19.20.37:598][411] - FPlatformMisc::RequestExit(0)
[2020.01.08-19.20.37:601][412] - FPlatformMisc::RequestExit(1)
[2020.01.08-19.20.37:601][412]Log file closed, 01/08/20 11:20:37
