[2020.02.28-17.14.39:806][  0]Log file open, 02/28/20 11:14:39
[2020.02.28-17.14.39:806][  0]LogMemory: Platform Memory Stats for WindowsServer
[2020.02.28-17.14.39:806][  0]LogMemory: Process Physical Memory: 59.61 MB used, 59.61 MB peak
[2020.02.28-17.14.39:806][  0]LogMemory: Process Virtual Memory: 49.88 MB used, 50.02 MB peak
[2020.02.28-17.14.39:806][  0]LogMemory: Physical Memory: 50641.46 MB used, 65436.48 MB total
[2020.02.28-17.14.39:806][  0]LogMemory: Virtual Memory: 4396.84 MB used, 134217728.00 MB total
[2020.02.28-17.14.40:169][  0]ARK Version: 306.5
[2020.02.28-17.14.40:169][  0]PID: 27588
[2020.02.28-17.15.22:665][  0]Primal Game Data Took 40.63 seconds
[2020.02.28-17.16.18:861][  0]Server: "ironark" has successfully started!
[2020.02.28-17.16.28:173][  0]Commandline: "TheIsland?RCONEnabled=True?RCONPort=27054?SessionName=ironark?MaxPlayers=30?Port=27053?QueryPort=27053?NonPermanentDiseases=true?AllowRaidDinoFeeding=true?PreventDiseases=false?AutoDestroyOldStructuresMultiplier=1?ShowFloatingDamageText=true?AllowAnyoneBabyImprintCuddle=true?OverrideStructurePlatformPrevention=true?TribeLogDestroyedEnemyStructures=true?PvEAllowStructuresAtSupplyDrops=true?OverrideOfficialDifficulty=4?PreventOfflinePvPInterval=900?ServerPassword=9967?ServerAdminPassword=ironarkAdmin0?listen -ForceAllowCaveFlyers  -NoBattlEye  -clusterid= 
[2020.02.28-17.16.28:173][  0]Full Startup: 110.01 seconds (BP compile: 0.00 seconds)
[2020.02.28-17.16.28:173][  0]Number of cores 6
[2020.02.28-17.16.28:579][  4]AllActors Call During Gameplay: World Time 1819510.6, Class DinoStorage2CCA_C
[2020.02.28-17.16.58:202][877]AllActors Call During Gameplay: World Time 1819540.4, Class CompostBin_C
[2020.02.28-17.18.57:721][452]AllActors Call During Gameplay: World Time 1819659.9, Class StarGates_BP_C
[2020.02.28-17.19.01:000][550]AllActors Call During Gameplay: World Time 1819663.3, Class StarGates_BP_C
[2020.02.28-17.19.03:071][610]AllActors Call During Gameplay: World Time 1819665.3, Class StarGates_BP_C
[2020.02.28-17.19.59:011][283]AllActors Call During Gameplay: World Time 1819721.3, Class DinoStorage2CCA_C
[2020.02.28-17.25.49:192][763]AllActors Call During Gameplay: World Time 1820071.4, Class DinoStorage2CCA_C
[2020.02.28-17.26.29:966][982]AllActors Call During Gameplay: World Time 1820112.1, Class DinoStorage2CCA_C
[2020.02.28-18.02.11:128][206]AllActors Call During Gameplay: World Time 1822252.0, Class DinoStorage2CCA_C
[2020.02.28-18.02.15:859][348]AllActors Call During Gameplay: World Time 1822256.8, Class DinoStorage2CCA_C
[2020.02.28-18.02.25:142][625]AllActors Call During Gameplay: World Time 1822266.1, Class DinoStorage2CCA_C
[2020.02.28-18.14.49:131][898]AllActors Call During Gameplay: World Time 1823010.0, Class DinoStorage2CCA_C
[2020.02.28-18.16.59:002][758]AllActors Call During Gameplay: World Time 1823139.5, Class DinoStorage2CCA_C
[2020.02.28-22.29.57:145][934]AllActors Call During Gameplay: World Time 1838310.8, Class DinoStorage2CCA_C
[2020.02.28-22.30.47:798][422]AllActors Call During Gameplay: World Time 1838361.0, Class DinoStorage2CCA_C
[2020.02.28-22.35.48:461][421]AllActors Call During Gameplay: World Time 1838661.6, Class DinoStorage2CCA_C
[2020.02.28-22.42.41:120][767]AllActors Call During Gameplay: World Time 1839074.3, Class StarGates_BP_C
[2020.02.28-22.42.41:123][767]AllActors Call During Gameplay: World Time 1839074.3, Class StarGates_BP_C
[2020.02.28-22.43.34:819][374]AllActors Call During Gameplay: World Time 1839128.0, Class DinoStorage2CCA_C
[2020.02.28-22.44.51:564][670]AllActors Call During Gameplay: World Time 1839204.6, Class StarGates_BP_C
[2020.02.28-22.44.57:212][839]AllActors Call During Gameplay: World Time 1839210.4, Class StarGates_BP_C
[2020.02.28-22.45.06:144][105]AllActors Call During Gameplay: World Time 1839219.3, Class StarGates_BP_C
[2020.02.28-22.45.17:159][435]AllActors Call During Gameplay: World Time 1839230.3, Class Rings_BP_C
[2020.02.28-22.49.59:571][861]AllActors Call During Gameplay: World Time 1839512.3, Class DinoStorage2CCA_C
[2020.02.28-22.50.04:504][  9]AllActors Call During Gameplay: World Time 1839517.3, Class DinoStorage2CCA_C
[2020.02.28-22.50.45:346][230]AllActors Call During Gameplay: World Time 1839558.1, Class Rings_BP_C
[2020.02.28-22.54.51:350][590]AllActors Call During Gameplay: World Time 1839804.0, Class StarGates_BP_C
[2020.02.28-22.54.55:725][721]AllActors Call During Gameplay: World Time 1839808.5, Class StarGates_BP_C
[2020.02.28-22.55.00:567][866]AllActors Call During Gameplay: World Time 1839813.3, Class StarGates_BP_C
[2020.02.28-22.56.04:739][785]AllActors Call During Gameplay: World Time 1839877.4, Class StarGates_BP_C
[2020.02.28-22.56.08:224][889]AllActors Call During Gameplay: World Time 1839881.0, Class StarGates_BP_C
[2020.02.28-22.56.10:612][959]AllActors Call During Gameplay: World Time 1839883.3, Class StarGates_BP_C
[2020.02.28-22.56.36:106][723]AllActors Call During Gameplay: World Time 1839908.9, Class DinoStorage2CCA_C
[2020.02.28-23.14.50:637][469]AllActors Call During Gameplay: World Time 1841002.9, Class DinoStorage2CCA_C
[2020.02.28-23.29.31:033][803]AllActors Call During Gameplay: World Time 1841882.9, Class DinoStorage2CCA_C
[2020.02.29-00.05.05:122][618]AllActors Call During Gameplay: World Time 1844015.5, Class DinoStorage2CCA_C
[2020.02.29-00.05.09:478][749]AllActors Call During Gameplay: World Time 1844019.9, Class DinoStorage2CCA_C
[2020.02.29-00.05.13:959][883]AllActors Call During Gameplay: World Time 1844024.3, Class DinoStorage2CCA_C
[2020.02.29-00.05.17:859][  0]AllActors Call During Gameplay: World Time 1844028.3, Class DinoStorage2CCA_C
[2020.02.29-00.05.31:529][410]AllActors Call During Gameplay: World Time 1844041.9, Class StarGates_BP_C
[2020.02.29-00.06.05:885][435]AllActors Call During Gameplay: World Time 1844076.3, Class StarGates_BP_C
[2020.02.29-00.06.10:975][587]AllActors Call During Gameplay: World Time 1844081.3, Class StarGates_BP_C
[2020.02.29-00.12.50:646][549]AllActors Call During Gameplay: World Time 1844481.0, Class StarGates_BP_C
[2020.02.29-00.12.54:051][651]AllActors Call During Gameplay: World Time 1844484.4, Class StarGates_BP_C
[2020.02.29-00.12.55:948][706]AllActors Call During Gameplay: World Time 1844486.3, Class StarGates_BP_C
[2020.02.29-00.13.26:675][627]AllActors Call During Gameplay: World Time 1844517.0, Class DinoStorage2CCA_C
[2020.02.29-14.02.45:012][976]AllActors Call During Gameplay: World Time 1894251.5, Class DinoStorage2CCA_C
[2020.02.29-14.03.34:166][448]AllActors Call During Gameplay: World Time 1894300.6, Class DinoStorage2CCA_C
[2020.02.29-14.08.15:929][881]AllActors Call During Gameplay: World Time 1894582.4, Class DinoStorage2CCA_C
[2020.02.29-14.13.32:136][344]AllActors Call During Gameplay: World Time 1894898.6, Class DinoStorage2CCA_C
[2020.02.29-14.14.38:715][334]AllActors Call During Gameplay: World Time 1894965.1, Class DinoStorage2CCA_C
[2020.02.29-14.15.05:339][133]AllActors Call During Gameplay: World Time 1894991.9, Class DinoStorage2CCA_C
[2020.02.29-14.31.23:832][364]AllActors Call During Gameplay: World Time 1895969.4, Class DinoStorage2CCA_C
[2020.02.29-14.31.36:680][749]AllActors Call During Gameplay: World Time 1895982.3, Class DinoStorage2CCA_C
[2020.02.29-14.35.21:322][472]AllActors Call During Gameplay: World Time 1896206.9, Class DinoStorage2CCA_C
[2020.02.29-14.49.35:485][  6]AllActors Call During Gameplay: World Time 1897060.6, Class DinoStorage2CCA_C
[2020.02.29-14.53.07:793][359]AllActors Call During Gameplay: World Time 1897272.9, Class StarGates_BP_C
[2020.02.29-14.53.12:229][492]AllActors Call During Gameplay: World Time 1897277.4, Class StarGates_BP_C
[2020.02.29-14.53.18:112][667]AllActors Call During Gameplay: World Time 1897283.3, Class StarGates_BP_C
[2020.02.29-15.07.26:950][ 44]AllActors Call During Gameplay: World Time 1898131.6, Class StarGates_BP_C
[2020.02.29-15.07.30:227][142]AllActors Call During Gameplay: World Time 1898134.9, Class StarGates_BP_C
[2020.02.29-15.07.35:194][289]AllActors Call During Gameplay: World Time 1898139.9, Class StarGates_BP_C
[2020.02.29-15.08.13:19