[2020.01.07-19.00.01:362][  0]Log file open, 01/07/20 11:00:01
[2020.01.07-19.00.01:362][  0]LogMemory: Platform Memory Stats for WindowsServer
[2020.01.07-19.00.01:362][  0]LogMemory: Process Physical Memory: 58.82 MB used, 58.82 MB peak
[2020.01.07-19.00.01:362][  0]LogMemory: Process Virtual Memory: 49.89 MB used, 50.02 MB peak
[2020.01.07-19.00.01:363][  0]LogMemory: Physical Memory: 238271.16 MB used, 262109.80 MB total
[2020.01.07-19.00.01:363][  0]LogMemory: Virtual Memory: 284.22 MB used, 134217728.00 MB total
[2020.01.07-19.00.01:999][  0]ARK Version: 304.41
[2020.01.07-19.00.01:999][  0]PID: 10320
[2020.01.07-19.01.18:759][  0]Primal Game Data Took 75.69 seconds
[2020.01.07-19.01.24:353][  0]Set new sublevel to load: /Game/Maps/TheIslandSubMaps/LandscapeSublevel_Winter
[2020.01.07-19.01.24:354][  0]Set existing sublevel to not load: /Game/Maps/TheIslandSubMaps/LandscapeSublevel
[2020.01.07-19.01.51:377][  0]Server Initializing with BattlEye Anti-Cheat Protection. If you do not wish to use BattlEye, please launch with -NoBattlEye
[2020.01.07-19.01.51:380][  0]BattlEye successfully started.
[2020.01.07-19.02.37:530][  0]Server: "ironark" has successfully started!
[2020.01.07-19.02.51:198][  0]Commandline: "../../../ShooterGame/ShooterGame.uproject" "/Game/Maps/TheIslandSubMaps/TheIsland?Multihome=107.173.81.34?Port=30615?QueryPort=30616?SessionName=ironark?MaxPlayers=10?listen?ServerPassword=9967?ServerAdminPassword=ironarkAdmin0?RCONEnabled=True?RCONPort=30617?AltSaveDirectoryName=SavedArk98885" -AltSaveDirectoryName=SavedArk98885    -speedhackbias=1f            -culture=en    -NoTransferFromFiltering              -nosteamclient -game -server -log -NoCrashDialog
[2020.01.07-19.02.51:198][  0]Full Startup: 172.40 seconds (BP compile: 0.00 seconds)
[2020.01.07-19.02.51:199][  0]Number of cores 16
[2020.01.07-19.20.36:442][685]Closing by request
[2020.01.07-19.20.36:442][685] - FPlatformMisc::RequestExit(0)
[2020.01.07-19.20.36:449][686] - FPlatformMisc::RequestExit(1)
[2020.01.07-19.20.36:449][686]Log file closed, 01/07/20 11:20:36
