[2020.01.06-22.51.13:214][  0]Log file open, 01/06/20 14:51:13
[2020.01.06-22.51.13:214][  0]LogMemory: Platform Memory Stats for WindowsServer
[2020.01.06-22.51.13:214][  0]LogMemory: Process Physical Memory: 58.85 MB used, 58.85 MB peak
[2020.01.06-22.51.13:214][  0]LogMemory: Process Virtual Memory: 50.22 MB used, 50.35 MB peak
[2020.01.06-22.51.13:215][  0]LogMemory: Physical Memory: 229691.30 MB used, 262109.80 MB total
[2020.01.06-22.51.13:215][  0]LogMemory: Virtual Memory: 285.91 MB used, 134217728.00 MB total
[2020.01.06-22.51.13:922][  0]ARK Version: 304.41
[2020.01.06-22.51.13:922][  0]PID: 17044
[2020.01.06-22.52.32:958][  0]Primal Game Data Took 77.84 seconds
[2020.01.06-22.52.39:344][  0]Set new sublevel to load: /Game/Maps/TheIslandSubMaps/LandscapeSublevel_Winter
[2020.01.06-22.52.39:344][  0]Set existing sublevel to not load: /Game/Maps/TheIslandSubMaps/LandscapeSublevel
[2020.01.06-22.53.10:230][  0]Server Initializing with BattlEye Anti-Cheat Protection. If you do not wish to use BattlEye, please launch with -NoBattlEye
[2020.01.06-22.53.10:233][  0]BattlEye successfully started.
[2020.01.06-22.54.02:450][  0]Server: "ironark" has successfully started!
[2020.01.06-22.54.17:549][  0]Commandline: "../../../ShooterGame/ShooterGame.uproject" "/Game/Maps/TheIslandSubMaps/TheIsland?Multihome=107.173.81.34?Port=30615?QueryPort=30616?SessionName=ironark?MaxPlayers=10?listen?ServerPassword=9967?ServerAdminPassword=ironarkAdmin0?RCONEnabled=True?RCONPort=30617?AltSaveDirectoryName=SavedArk98885" -AltSaveDirectoryName=SavedArk98885    -speedhackbias=1f            -culture=en    -NoTransferFromFiltering              -nosteamclient -game -server -log -NoCrashDialog
[2020.01.06-22.54.17:550][  0]Full Startup: 187.17 seconds (BP compile: 0.00 seconds)
[2020.01.06-22.54.17:551][  0]Number of cores 16
[2020.01.06-23.07.58:011][369]Closing by request
[2020.01.06-23.07.58:012][369] - FPlatformMisc::RequestExit(0)
[2020.01.06-23.07.58:018][370] - FPlatformMisc::RequestExit(1)
[2020.01.06-23.07.58:018][370]Log file closed, 01/06/20 15:07:58
