[2020.01.06-19.20.47:686][  0]Log file open, 01/06/20 11:20:47
[2020.01.06-19.20.47:686][  0]LogMemory: Platform Memory Stats for WindowsServer
[2020.01.06-19.20.47:686][  0]LogMemory: Process Physical Memory: 58.71 MB used, 58.71 MB peak
[2020.01.06-19.20.47:687][  0]LogMemory: Process Virtual Memory: 49.66 MB used, 49.79 MB peak
[2020.01.06-19.20.47:687][  0]LogMemory: Physical Memory: 224786.86 MB used, 262109.80 MB total
[2020.01.06-19.20.47:687][  0]LogMemory: Virtual Memory: 285.91 MB used, 134217728.00 MB total
[2020.01.06-19.20.48:968][  0]ARK Version: 304.41
[2020.01.06-19.20.48:968][  0]PID: 17412
[2020.01.06-19.29.08:887][  0]Primal Game Data Took 489.03 seconds
[2020.01.06-19.29.21:219][  0]Set new sublevel to load: /Game/Maps/TheIslandSubMaps/LandscapeSublevel_Winter
[2020.01.06-19.29.21:219][  0]Set existing sublevel to not load: /Game/Maps/TheIslandSubMaps/LandscapeSublevel
[2020.01.06-19.30.34:655][  0]Server Initializing with BattlEye Anti-Cheat Protection. If you do not wish to use BattlEye, please launch with -NoBattlEye
[2020.01.06-19.30.34:660][  0]BattlEye successfully started.
[2020.01.06-19.31.30:184][  0]Server: "ironark" has successfully started!
[2020.01.06-19.31.46:536][  0]Commandline: "../../../ShooterGame/ShooterGame.uproject" "/Game/Maps/TheIslandSubMaps/TheIsland?Multihome=107.173.81.34?Port=30615?QueryPort=30616?SessionName=ironark?MaxPlayers=10?listen?ServerPassword=9967?ServerAdminPassword=ironarkAdmin0?RCONEnabled=True?RCONPort=30617?AltSaveDirectoryName=SavedArk98885" -AltSaveDirectoryName=SavedArk98885    -speedhackbias=1f            -culture=en    -NoTransferFromFiltering             -nosteamclient -game -server -log -NoCrashDialog
[2020.01.06-19.31.46:536][  0]Full Startup: 665.46 seconds (BP compile: 0.00 seconds)
[2020.01.06-19.31.46:537][  0]Number of cores 16
[2020.01.06-22.18.52:186][245]Closing by request
[2020.01.06-22.18.52:186][245] - FPlatformMisc::RequestExit(0)
[2020.01.06-22.18.52:189][246] - FPlatformMisc::RequestExit(1)
[2020.01.06-22.18.52:189][246]Log file closed, 01/06/20 14:18:52
