[2020.01.07-12.20.44:108][  0]Log file open, 01/07/20 04:20:44
[2020.01.07-12.20.44:108][  0]LogMemory: Platform Memory Stats for WindowsServer
[2020.01.07-12.20.44:109][  0]LogMemory: Process Physical Memory: 58.77 MB used, 58.77 MB peak
[2020.01.07-12.20.44:109][  0]LogMemory: Process Virtual Memory: 50.23 MB used, 50.36 MB peak
[2020.01.07-12.20.44:109][  0]LogMemory: Physical Memory: 235207.59 MB used, 262109.80 MB total
[2020.01.07-12.20.44:109][  0]LogMemory: Virtual Memory: 285.96 MB used, 134217728.00 MB total
[2020.01.07-12.20.45:955][  0]ARK Version: 304.41
[2020.01.07-12.20.45:955][  0]PID: 212
[2020.01.07-12.28.48:555][  0]Primal Game Data Took 473.06 seconds
[2020.01.07-12.29.01:725][  0]Set new sublevel to load: /Game/Maps/TheIslandSubMaps/LandscapeSublevel_Winter
[2020.01.07-12.29.01:726][  0]Set existing sublevel to not load: /Game/Maps/TheIslandSubMaps/LandscapeSublevel
[2020.01.07-12.30.21:436][  0]Server Initializing with BattlEye Anti-Cheat Protection. If you do not wish to use BattlEye, please launch with -NoBattlEye
[2020.01.07-12.30.21:489][  0]BattlEye successfully started.
[2020.01.07-12.31.10:514][  0]Server: "ironark" has successfully started!
[2020.01.07-12.31.24:595][  0]Commandline: "../../../ShooterGame/ShooterGame.uproject" "/Game/Maps/TheIslandSubMaps/TheIsland?Multihome=107.173.81.34?Port=30615?QueryPort=30616?SessionName=ironark?MaxPlayers=10?listen?ServerPassword=9967?ServerAdminPassword=ironarkAdmin0?RCONEnabled=True?RCONPort=30617?AltSaveDirectoryName=SavedArk98885" -AltSaveDirectoryName=SavedArk98885    -speedhackbias=1f            -culture=en    -NoTransferFromFiltering              -nosteamclient -game -server -log -NoCrashDialog
[2020.01.07-12.31.24:595][  0]Full Startup: 647.04 seconds (BP compile: 0.00 seconds)
[2020.01.07-12.31.24:596][  0]Number of cores 16
[2020.01.07-12.38.05:123][902]Closing by request
[2020.01.07-12.38.05:123][902] - FPlatformMisc::RequestExit(0)
[2020.01.07-12.38.05:125][903] - FPlatformMisc::RequestExit(1)
[2020.01.07-12.38.05:125][903]Log file closed, 01/07/20 04:38:05
