[2020.01.08-08.44.42:346][  0]Log file open, 01/08/20 00:44:42
[2020.01.08-08.44.42:346][  0]LogMemory: Platform Memory Stats for WindowsServer
[2020.01.08-08.44.42:346][  0]LogMemory: Process Physical Memory: 58.95 MB used, 58.95 MB peak
[2020.01.08-08.44.42:347][  0]LogMemory: Process Virtual Memory: 50.38 MB used, 50.50 MB peak
[2020.01.08-08.44.42:347][  0]LogMemory: Physical Memory: 247878.03 MB used, 262109.80 MB total
[2020.01.08-08.44.42:347][  0]LogMemory: Virtual Memory: 286.24 MB used, 134217728.00 MB total
[2020.01.08-08.44.43:726][  0]ARK Version: 304.41
[2020.01.08-08.44.43:726][  0]PID: 8064
[2020.01.08-08.52.44:367][  0]Primal Game Data Took 470.79 seconds
[2020.01.08-08.52.56:088][  0]Set new sublevel to load: /Game/Maps/TheIslandSubMaps/LandscapeSublevel_Winter
[2020.01.08-08.52.56:088][  0]Set existing sublevel to not load: /Game/Maps/TheIslandSubMaps/LandscapeSublevel
[2020.01.08-08.54.07:772][  0]Server Initializing with BattlEye Anti-Cheat Protection. If you do not wish to use BattlEye, please launch with -NoBattlEye
[2020.01.08-08.54.07:857][  0]BattlEye successfully started.
[2020.01.08-08.54.53:262][  0]Server: "ironark" has successfully started!
[2020.01.08-08.55.06:615][  0]Commandline: "../../../ShooterGame/ShooterGame.uproject" "/Game/Maps/TheIslandSubMaps/TheIsland?Multihome=107.173.81.34?Port=30615?QueryPort=30616?SessionName=ironark?MaxPlayers=10?listen?ServerPassword=9967?ServerAdminPassword=ironarkAdmin0?RCONEnabled=True?RCONPort=30617?AltSaveDirectoryName=SavedArk98885" -AltSaveDirectoryName=SavedArk98885    -speedhackbias=1f            -culture=en    -NoTransferFromFiltering              -nosteamclient -game -server -log -NoCrashDialog
[2020.01.08-08.55.06:615][  0]Full Startup: 630.44 seconds (BP compile: 0.00 seconds)
[2020.01.08-08.55.06:616][  0]Number of cores 16
[2020.01.08-09.24.27:092][540]Closing by request
[2020.01.08-09.24.27:093][540] - FPlatformMisc::RequestExit(0)
[2020.01.08-09.24.27:097][541] - FPlatformMisc::RequestExit(1)
[2020.01.08-09.24.27:097][541]Log file closed, 01/08/20 01:24:27
