[2020.01.06-04.08.09:820][  0]Log file open, 01/05/20 20:08:09
[2020.01.06-04.08.09:820][  0]LogMemory: Platform Memory Stats for WindowsServer
[2020.01.06-04.08.09:820][  0]LogMemory: Process Physical Memory: 58.79 MB used, 58.79 MB peak
[2020.01.06-04.08.09:820][  0]LogMemory: Process Virtual Memory: 50.00 MB used, 50.14 MB peak
[2020.01.06-04.08.09:820][  0]LogMemory: Physical Memory: 228341.05 MB used, 262109.80 MB total
[2020.01.06-04.08.09:820][  0]LogMemory: Virtual Memory: 285.89 MB used, 134217728.00 MB total
[2020.01.06-04.08.10:482][  0]ARK Version: 304.41
[2020.01.06-04.08.10:482][  0]PID: 7536
[2020.01.06-04.09.27:017][  0]Primal Game Data Took 75.38 seconds
[2020.01.06-04.09.32:719][  0]Set new sublevel to load: /Game/Maps/TheIslandSubMaps/LandscapeSublevel_Winter
[2020.01.06-04.09.32:719][  0]Set existing sublevel to not load: /Game/Maps/TheIslandSubMaps/LandscapeSublevel
[2020.01.06-04.10.07:865][  0]Server Initializing with BattlEye Anti-Cheat Protection. If you do not wish to use BattlEye, please launch with -NoBattlEye
[2020.01.06-04.10.07:868][  0]BattlEye successfully started.
[2020.01.06-04.10.50:745][  0]Server: "ironark" has successfully started!
[2020.01.06-04.11.04:509][  0]Commandline: "../../../ShooterGame/ShooterGame.uproject" "/Game/Maps/TheIslandSubMaps/TheIsland?Multihome=107.173.81.34?Port=30615?QueryPort=30616?SessionName=ironark?MaxPlayers=10?listen?ServerPassword=ironarkServer0?ServerAdminPassword=ironarkAdmin0?RCONEnabled=True?RCONPort=30617?AltSaveDirectoryName=SavedArk98885" -AltSaveDirectoryName=SavedArk98885    -speedhackbias=1f            -culture=en    -NoTransferFromFiltering              -nosteamclient -game -server -log -NoCrashDialog
[2020.01.06-04.11.04:510][  0]Full Startup: 177.28 seconds (BP compile: 0.00 seconds)
[2020.01.06-04.11.04:511][  0]Number of cores 16
[2020.01.06-04.43.08:853][110]Closing by request
[2020.01.06-04.43.08:854][110] - FPlatformMisc::RequestExit(0)
[2020.01.06-04.43.08:856][111] - FPlatformMisc::RequestExit(1)
[2020.01.06-04.43.08:856][111]Log file closed, 01/05/20 20:43:08
