[2020.03.09-12.22.34:609][  0]Log file open, 03/09/20 07:22:34
[2020.03.09-12.22.34:609][  0]LogMemory: Platform Memory Stats for WindowsServer
[2020.03.09-12.22.34:609][  0]LogMemory: Process Physical Memory: 59.70 MB used, 59.70 MB peak
[2020.03.09-12.22.34:609][  0]LogMemory: Process Virtual Memory: 51.13 MB used, 51.26 MB peak
[2020.03.09-12.22.34:609][  0]LogMemory: Physical Memory: 56982.66 MB used, 65436.48 MB total
[2020.03.09-12.22.34:609][  0]LogMemory: Virtual Memory: 4396.84 MB used, 134217728.00 MB total
[2020.03.09-12.22.35:013][  0]ARK Version: 306.5
[2020.03.09-12.22.35:013][  0]PID: 19264
[2020.03.09-12.23.31:860][  0]Primal Game Data Took 52.93 seconds
[2020.03.09-12.24.38:028][  0]Server: "ironark" has successfully started!
[2020.03.09-12.24.48:648][  0]Commandline: "TheIsland?RCONEnabled=True?RCONPort=27054?SessionName=ironark?MaxPlayers=30?Port=27053?QueryPort=27053?NonPermanentDiseases=true?AllowRaidDinoFeeding=true?PreventDiseases=false?AutoDestroyOldStructuresMultiplier=1?ShowFloatingDamageText=true?AllowAnyoneBabyImprintCuddle=true?OverrideStructurePlatformPrevention=true?TribeLogDestroyedEnemyStructures=true?PvEAllowStructuresAtSupplyDrops=true?OverrideOfficialDifficulty=4?PreventOfflinePvPInterval=900?ServerPassword=9967?ServerAdminPassword=ironarkAdmin0?listen -ForceAllowCaveFlyers  -NoBattlEye  -clusterid= 
[2020.03.09-12.24.48:648][  0]Full Startup: 136.02 seconds (BP compile: 0.00 seconds)
[2020.03.09-12.24.48:648][  0]Number of cores 6
[2020.03.09-12.24.49:083][  4]AllActors Call During Gameplay: World Time 2658003.0, Class DinoStorage2CCA_C
[2020.03.09-12.25.18:649][882]AllActors Call During Gameplay: World Time 2658032.8, Class CompostBin_C
[2020.03.09-12.48.36:238][997]AllActors Call During Gameplay: World Time 2659429.8, Class DinoStorage2CCA_C
[2020.03.09-12.55.54:727][ 60]AllActors Call During Gameplay: World Time 2659867.8, Class DinoStorage2CCA_C
[2020.03.09-12.55.59:632][207]AllActors Call During Gameplay: World Time 2659872.8, Class DinoStorage2CCA_C
[2020.03.09-12.56.02:966][307]AllActors Call During Gameplay: World Time 2659876.0, Class DinoStorage2CCA_C
[2020.03.09-12.56.05:869][394]AllActors Call During Gameplay: World Time 2659878.8, Class DinoStorage2CCA_C
[2020.03.09-12.56.08:701][479]AllActors Call During Gameplay: World Time 2659881.8, Class DinoStorage2CCA_C
[2020.03.09-13.02.41:279][163]AllActors Call During Gameplay: World Time 2660274.3, Class DinoStorage2CCA_C
[2020.03.09-16.04.01:976][755]AllActors Call During Gameplay: World Time 2671148.0, Class DinoStorage2CCA_C
[2020.03.09-16.04.25:849][467]AllActors Call During Gameplay: World Time 2671172.0, Class DinoStorage2CCA_C
[2020.03.09-16.06.27:314][105]AllActors Call During Gameplay: World Time 2671293.5, Class StarGates_BP_C
[2020.03.09-16.06.36:144][369]AllActors Call During Gameplay: World Time 2671302.3, Class StarGates_BP_C
[2020.03.09-16.06.38:431][436]AllActors Call During Gameplay: World Time 2671304.5, Class StarGates_BP_C
[2020.03.09-16.08.46:529][270]AllActors Call During Gameplay: World Time 2671432.5, Class DinoStorage2CCA_C
[2020.03.09-16.27.26:642][739]AllActors Call During Gameplay: World Time 2672551.3, Class DinoStorage2CCA_C
[2020.03.09-16.31.24:659][865]AllActors Call During Gameplay: World Time 2672789.3, Class DinoStorage2CCA_C
[2020.03.09-16.34.26:713][315]AllActors Call During Gameplay: World Time 2672971.3, Class DinoStorage2CCA_C
[2020.03.09-16.45.55:551][898]AllActors Call During Gameplay: World Time 2673659.8, Class DinoStorage2CCA_C
[2020.03.09-16.52.28:481][664]AllActors Call During Gameplay: World Time 2674052.5, Class StarGates_BP_C
[2020.03.09-16.52.31:975][768]AllActors Call During Gameplay: World Time 2674056.0, Class StarGates_BP_C
[2020.03.09-16.53.41:675][855]AllActors Call During Gameplay: World Time 2674125.8, Class StarGates_BP_C
[2020.03.09-16.55.19:109][732]AllActors Call During Gameplay: World Time 2674222.8, Class DinoStorage2CCA_C
[2020.03.09-16.55.39:240][335]AllActors Call During Gameplay: World Time 2674242.8, Class DinoStorage2CCA_C
[2020.03.09-16.56.02:740][ 39]AllActors Call During Gameplay: World Time 2674266.3, Class DinoStorage2CCA_C
[2020.03.09-16.57.49:742][243]AllActors Call During Gameplay: World Time 2674373.3, Class DinoStorage2CCA_C
[2020.03.09-17.13.53:104][ 53]AllActors Call During Gameplay: World Time 2675336.3, Class Rings_BP_C
[2020.03.09-17.14.15:284][718]AllActors Call During Gameplay: World Time 2675358.3, Class DinoStorage2CCA_C
[2020.03.09-17.32.33:740][570]AllActors Call During Gameplay: World Time 2676456.3, Class DinoStorage2CCA_C
[2020.03.09-17.32.36:926][665]AllActors Call During Gameplay: World Time 2676459.5, Class DinoStorage2CCA_C
[2020.03.09-17.39.39:335][270]AllActors Call During Gameplay: World Time 2676881.3, Class DinoStorage2CCA_C
[2020.03.09-17.39.42:770][373]AllActors Call During Gameplay: World Time 2676884.8, Class DinoStorage2CCA_C
[2020.03.09-17.39.46:276][478]AllActors Call During Gameplay: World Time 2676888.3, Class DinoStorage2CCA_C
[2020.03.09-17.39.51:015][620]AllActors Call During Gameplay: World Time 2676893.0, Class DinoStorage2CCA_C
[2020.03.09-17.39.54:243][717]AllActors Call During Gameplay: World Time 2676896.3, Class DinoStorage2CCA_C
[2020.03.09-17.43.50:192][782]AllActors Call During Gameplay: World Time 2677132.3, Class DinoStorage2CCA_C
[2020.03.09-17.44.39:015][241]AllActors Call During Gameplay: World Time 2677181.0, Class DinoStorage2CCA_C
[2020.03.09-17.44.53:424][673]AllActors Call During Gameplay: World Time 2677195.3, Class DinoStorage2CCA_C
[2020.03.09-17.45.14:670][310]AllActors Call During Gameplay: World Time 2677216.5, Class DinoStorage2CCA_C
[2020.03.09-17.47.52:684][ 43]AllActors Call During Gameplay: World Time 2677374.5, Class DinoStorage2CCA_C
[2020.03.09-17.51.56:943][344]AllActors Call During Gameplay: World Time 2677618.8, Class DinoStorage2CCA_C
[2020.03.09-17.52.35:629][500]AllActors Call During Gameplay: World Time 2677657.5, Class DinoStorage2CCA_C
[2020.03.09-17.52.38:897][598]AllActors Call During Gameplay: World Time 2677660.8, Class DinoStorage2CCA_C
[2020.03.09-17.52.49:262][909]AllActors Call During Gameplay: World Time 2677671.3, Class DinoStorage2CCA_C
[2020.03.09-17.54.44:718][329]AllActors Call During Gameplay: World Time 2677786.0, Class DinoStorage2CCA_C
[2020.03.09-17.56.48:199][ 26]AllActors Call During Gameplay: World Time 2677909.5, Class DinoStorage2CCA_C
[2020.03.09-17.58.07:439][403]AllActors Call During Gameplay: World Time 2677988.8, Class DinoStorage2CCA_C
[2020.03.09-18.00.43:316][ 68]AllActors Call During Gameplay: World Time 2678144.8, Class StarGates_BP_C
[2020.03.09-18.00.47:015][179]AllActors Call During Gameplay: World Time 2678148.5, Class StarGates_BP_C
[2020.03.09-18.00.50:586][286]AllActors Call During Gameplay: World Time 2678152.0, Class StarGates_BP_C
[2020.03.09-18.01.56:704][269]AllActors Call During Gameplay: World Time 2678218.0, Class StarGates_BP_C
[2020.03.09-18.02.00:820][392]AllActors Call During Gameplay: World Time 2678222.3, Class StarGates_BP_C
[2020.03.09-18.02.03:190][463]AllActors Call During Gameplay: World Time 2678224.5, Class StarGates_BP_C
[2020.03.09-18.03.21:302][800]AllActors Call During Gameplay: World Time 2678302.8, Class StarGates_BP_C
[2020.03.09-18.03.25:468][925]AllActors Call During Gameplay: World Time 2678306.8, Class StarGates_BP_C
[2020.03.09-18.03.28:442][ 14]AllActors Call During Gameplay: World Time 2678309.8, Class StarGates_BP_C
[2020.03.09-18.04.30:496][870]AllActors Call During Gameplay: World Time 2678371.8, Class StarGates_BP_C
[2020.03.09-18.04.33:764][968]AllActors Call During Gameplay: World Time 2678375.3, Class StarGates_BP_C
[2020.03.09-18.04.36:201][ 38]AllActors Call During Gameplay: World Time 2678377.5, Class StarGates_BP_C
[2020.03.09-18.06.23:586][253]AllActors Call During Gameplay: World Time 2678485.0, Class DinoStorage2CCA_C
[2020.03.09-18.09.52:274][461]AllActors Call During Gameplay: World Time 2678693.3, Class Rings_BP_C
[2020.03.09-18.10.40:480][901]AllActors Call During Gameplay: World Time 2678741.3, Class DinoStorage2CCA_C