[2020.01.06-22.32.41:107][  0]Log file open, 01/06/20 14:32:41
[2020.01.06-22.32.41:107][  0]LogMemory: Platform Memory Stats for WindowsServer
[2020.01.06-22.32.41:107][  0]LogMemory: Process Physical Memory: 58.71 MB used, 58.71 MB peak
[2020.01.06-22.32.41:108][  0]LogMemory: Process Virtual Memory: 50.34 MB used, 50.47 MB peak
[2020.01.06-22.32.41:108][  0]LogMemory: Physical Memory: 228387.56 MB used, 262109.80 MB total
[2020.01.06-22.32.41:108][  0]LogMemory: Virtual Memory: 285.88 MB used, 134217728.00 MB total
[2020.01.06-22.32.41:906][  0]ARK Version: 304.41
[2020.01.06-22.32.41:906][  0]PID: 6240
[2020.01.06-22.34.02:808][  0]Primal Game Data Took 79.48 seconds
[2020.01.06-22.34.08:934][  0]Set new sublevel to load: /Game/Maps/TheIslandSubMaps/LandscapeSublevel_Winter
[2020.01.06-22.34.08:934][  0]Set existing sublevel to not load: /Game/Maps/TheIslandSubMaps/LandscapeSublevel
[2020.01.06-22.34.37:831][  0]Server Initializing with BattlEye Anti-Cheat Protection. If you do not wish to use BattlEye, please launch with -NoBattlEye
[2020.01.06-22.34.37:834][  0]BattlEye successfully started.
[2020.01.06-22.35.37:626][  0]Server: "ironark" has successfully started!
[2020.01.06-22.35.54:691][  0]Commandline: "../../../ShooterGame/ShooterGame.uproject" "/Game/Maps/TheIslandSubMaps/TheIsland?Multihome=107.173.81.34?Port=30615?QueryPort=30616?SessionName=ironark?MaxPlayers=10?listen?ServerPassword=9967?ServerAdminPassword=ironarkAdmin0?RCONEnabled=True?RCONPort=30617?AltSaveDirectoryName=SavedArk98885" -AltSaveDirectoryName=SavedArk98885    -speedhackbias=1f            -culture=en    -NoTransferFromFiltering              -nosteamclient -game -server -log -NoCrashDialog
[2020.01.06-22.35.54:691][  0]Full Startup: 196.78 seconds (BP compile: 0.00 seconds)
[2020.01.06-22.35.54:692][  0]Number of cores 16
[2020.01.06-22.49.29:291][171]Closing by request
[2020.01.06-22.49.29:291][171] - FPlatformMisc::RequestExit(0)
[2020.01.06-22.49.29:295][172] - FPlatformMisc::RequestExit(1)
[2020.01.06-22.49.29:295][172]Log file closed, 01/06/20 14:49:29
