[2020.01.07-12.41.05:894][  0]Log file open, 01/07/20 04:41:05
[2020.01.07-12.41.05:894][  0]LogMemory: Platform Memory Stats for WindowsServer
[2020.01.07-12.41.05:894][  0]LogMemory: Process Physical Memory: 58.74 MB used, 58.74 MB peak
[2020.01.07-12.41.05:895][  0]LogMemory: Process Virtual Memory: 49.77 MB used, 49.90 MB peak
[2020.01.07-12.41.05:895][  0]LogMemory: Physical Memory: 235545.20 MB used, 262109.80 MB total
[2020.01.07-12.41.05:895][  0]LogMemory: Virtual Memory: 285.92 MB used, 134217728.00 MB total
[2020.01.07-12.41.06:500][  0]ARK Version: 304.41
[2020.01.07-12.41.06:500][  0]PID: 17824
[2020.01.07-12.42.17:354][  0]Primal Game Data Took 69.76 seconds
[2020.01.07-12.42.22:784][  0]Set new sublevel to load: /Game/Maps/TheIslandSubMaps/LandscapeSublevel_Winter
[2020.01.07-12.42.22:784][  0]Set existing sublevel to not load: /Game/Maps/TheIslandSubMaps/LandscapeSublevel
[2020.01.07-12.42.53:146][  0]Server Initializing with BattlEye Anti-Cheat Protection. If you do not wish to use BattlEye, please launch with -NoBattlEye
[2020.01.07-12.42.53:148][  0]BattlEye successfully started.
[2020.01.07-12.43.40:281][  0]Server: "ironark" has successfully started!
[2020.01.07-12.43.53:813][  0]Commandline: "../../../ShooterGame/ShooterGame.uproject" "/Game/Maps/TheIslandSubMaps/TheIsland?Multihome=107.173.81.34?Port=30615?QueryPort=30616?SessionName=ironark?MaxPlayers=10?listen?ServerPassword=9967?ServerAdminPassword=ironarkAdmin0?RCONEnabled=True?RCONPort=30617?AltSaveDirectoryName=SavedArk98885" -AltSaveDirectoryName=SavedArk98885    -speedhackbias=1f            -culture=en    -NoTransferFromFiltering              -nosteamclient -game -server -log -NoCrashDialog
[2020.01.07-12.43.53:813][  0]Full Startup: 170.41 seconds (BP compile: 0.00 seconds)
[2020.01.07-12.43.53:814][  0]Number of cores 16
[2020.01.07-12.56.08:737][888]Closing by request
[2020.01.07-12.56.08:737][888] - FPlatformMisc::RequestExit(0)
[2020.01.07-12.56.08:740][889] - FPlatformMisc::RequestExit(1)
[2020.01.07-12.56.08:740][889]Log file closed, 01/07/20 04:56:08
