[2020.03.10-02.33.41:106][  0]Log file open, 03/09/20 21:33:41
[2020.03.10-02.33.41:106][  0]LogMemory: Platform Memory Stats for WindowsServer
[2020.03.10-02.33.41:106][  0]LogMemory: Process Physical Memory: 59.59 MB used, 59.59 MB peak
[2020.03.10-02.33.41:106][  0]LogMemory: Process Virtual Memory: 51.02 MB used, 51.15 MB peak
[2020.03.10-02.33.41:106][  0]LogMemory: Physical Memory: 57618.54 MB used, 65436.48 MB total
[2020.03.10-02.33.41:106][  0]LogMemory: Virtual Memory: 4396.87 MB used, 134217728.00 MB total
[2020.03.10-02.33.41:509][  0]ARK Version: 306.5
[2020.03.10-02.33.41:509][  0]PID: 23028
[2020.03.10-02.34.29:859][  0]Primal Game Data Took 45.83 seconds
[2020.03.10-02.35.36:757][  0]Server: "ironark" has successfully started!
[2020.03.10-02.35.47:724][  0]Commandline: "TheIsland?RCONEnabled=True?RCONPort=27054?SessionName=ironark?MaxPlayers=30?Port=27053?QueryPort=27053?NonPermanentDiseases=true?AllowRaidDinoFeeding=true?PreventDiseases=false?AutoDestroyOldStructuresMultiplier=1?ShowFloatingDamageText=true?AllowAnyoneBabyImprintCuddle=true?OverrideStructurePlatformPrevention=true?TribeLogDestroyedEnemyStructures=true?PvEAllowStructuresAtSupplyDrops=true?OverrideOfficialDifficulty=4?PreventOfflinePvPInterval=900?ServerPassword=9967?ServerAdminPassword=ironarkAdmin0?listen -ForceAllowCaveFlyers  -NoBattlEye  -clusterid= 
[2020.03.10-02.35.47:724][  0]Full Startup: 128.51 seconds (BP compile: 0.00 seconds)
[2020.03.10-02.35.47:724][  0]Number of cores 6
[2020.03.10-02.35.48:130][  3]AllActors Call During Gameplay: World Time 2708223.8, Class DinoStorage2CCA_C
[2020.03.10-02.36.17:759][876]AllActors Call During Gameplay: World Time 2708253.5, Class CompostBin_C
[2020.03.10-02.45.19:111][ 26]AllActors Call During Gameplay: World Time 2708795.0, Class DinoStorage2CCA_C
[2020.03.10-02.53.47:724][189]AllActors Call During Gameplay: World Time 2709303.0, Class StarGates_BP_C
[2020.03.10-02.53.51:659][303]AllActors Call During Gameplay: World Time 2709306.8, Class StarGates_BP_C
[2020.03.10-02.53.54:273][381]AllActors Call During Gameplay: World Time 2709309.5, Class StarGates_BP_C
[2020.03.10-03.04.23:458][ 54]AllActors Call During Gameplay: World Time 2709938.5, Class StarGates_BP_C
[2020.03.10-03.04.26:859][156]AllActors Call During Gameplay: World Time 2709942.0, Class StarGates_BP_C
[2020.03.10-03.04.30:798][271]AllActors Call During Gameplay: World Time 2709946.0, Class StarGates_BP_C
[2020.03.10-03.04.41:369][588]AllActors Call During Gameplay: World Time 2709956.5, Class Rings_BP_C
[2020.03.10-03.05.32:013][ 69]AllActors Call During Gameplay: World Time 2710006.8, Class DinoStorage2CCA_C
[2020.03.10-03.07.40:026][904]AllActors Call During Gameplay: World Time 2710134.8, Class DinoStorage2CCA_C
[2020.03.10-03.07.46:028][ 84]AllActors Call During Gameplay: World Time 2710140.8, Class DinoStorage2CCA_C
[2020.03.10-03.07.50:627][218]AllActors Call During Gameplay: World Time 2710145.3, Class DinoStorage2CCA_C
[2020.03.10-03.07.54:972][348]AllActors Call During Gameplay: World Time 2710149.5, Class DinoStorage2CCA_C
[2020.03.10-03.22.10:028][916]AllActors Call During Gameplay: World Time 2711004.0, Class StarGates_BP_C
[2020.03.10-03.22.14:843][ 60]AllActors Call During Gameplay: World Time 2711009.0, Class StarGates_BP_C
[2020.03.10-03.22.22:232][280]AllActors Call During Gameplay: World Time 2711016.3, Class StarGates_BP_C
[2020.03.10-03.25.18:098][547]AllActors Call During Gameplay: World Time 2711192.3, Class DinoStorage2CCA_C
[2020.03.10-03.31.28:279][608]AllActors Call During Gameplay: World Time 2711562.5, Class DinoStorage2CCA_C
[2020.03.10-03.34.53:305][708]AllActors Call During Gameplay: World Time 2711766.8, Class StarGates_BP_C
[2020.03.10-03.34.56:513][804]AllActors Call During Gameplay: World Time 2711770.0, Class StarGates_BP_C
[2020.03.10-03.35.31:702][856]AllActors Call During Gameplay: World Time 2711805.3, Class StarGates_BP_C
[2020.03.10-03.37.01:561][544]AllActors Call During Gameplay: World Time 2711895.3, Class DinoStorage2CCA_C
[2020.03.10-03.37.06