[2020.01.07-13.55.18:287][  0]Log file open, 01/07/20 05:55:18
[2020.01.07-13.55.18:287][  0]LogMemory: Platform Memory Stats for WindowsServer
[2020.01.07-13.55.18:287][  0]LogMemory: Process Physical Memory: 58.90 MB used, 58.90 MB peak
[2020.01.07-13.55.18:288][  0]LogMemory: Process Virtual Memory: 50.47 MB used, 50.60 MB peak
[2020.01.07-13.55.18:288][  0]LogMemory: Physical Memory: 235170.88 MB used, 262109.80 MB total
[2020.01.07-13.55.18:288][  0]LogMemory: Virtual Memory: 286.24 MB used, 134217728.00 MB total
[2020.01.07-13.55.18:884][  0]ARK Version: 304.41
[2020.01.07-13.55.18:884][  0]PID: 15948
[2020.01.07-13.56.27:168][  0]Primal Game Data Took 67.24 seconds
[2020.01.07-13.56.32:267][  0]Set new sublevel to load: /Game/Maps/TheIslandSubMaps/LandscapeSublevel_Winter
[2020.01.07-13.56.32:268][  0]Set existing sublevel to not load: /Game/Maps/TheIslandSubMaps/LandscapeSublevel
[2020.01.07-13.56.56:059][  0]Server Initializing with BattlEye Anti-Cheat Protection. If you do not wish to use BattlEye, please launch with -NoBattlEye
[2020.01.07-13.56.56:062][  0]BattlEye successfully started.
[2020.01.07-13.57.37:159][  0]Server: "ironark" has successfully started!
[2020.01.07-13.57.49:746][  0]Commandline: "../../../ShooterGame/ShooterGame.uproject" "/Game/Maps/TheIslandSubMaps/TheIsland?Multihome=107.173.81.34?Port=30615?QueryPort=30616?SessionName=ironark?MaxPlayers=10?listen?ServerPassword=9967?ServerAdminPassword=ironarkAdmin0?RCONEnabled=True?RCONPort=30617?AltSaveDirectoryName=SavedArk98885" -AltSaveDirectoryName=SavedArk98885    -speedhackbias=1f            -culture=en    -NoTransferFromFiltering              -nosteamclient -game -server -log -NoCrashDialog
[2020.01.07-13.57.49:746][  0]Full Startup: 153.83 seconds (BP compile: 0.00 seconds)
[2020.01.07-13.57.49:747][  0]Number of cores 16
[2020.01.07-15.26.50:810][757]Closing by request
[2020.01.07-15.26.50:810][757] - FPlatformMisc::RequestExit(0)
[2020.01.07-15.26.50:814][758] - FPlatformMisc::RequestExit(1)
[2020.01.07-15.26.50:814][758]Log file closed, 01/07/20 07:26:50
