[2020.02.26-13.36.33:522][  0]Log file open, 02/26/20 07:36:33
[2020.02.26-13.36.33:522][  0]LogMemory: Platform Memory Stats for WindowsServer
[2020.02.26-13.36.33:522][  0]LogMemory: Process Physical Memory: 59.57 MB used, 59.57 MB peak
[2020.02.26-13.36.33:522][  0]LogMemory: Process Virtual Memory: 50.65 MB used, 50.78 MB peak
[2020.02.26-13.36.33:522][  0]LogMemory: Physical Memory: 55742.33 MB used, 65436.48 MB total
[2020.02.26-13.36.33:522][  0]LogMemory: Virtual Memory: 4396.88 MB used, 134217728.00 MB total
[2020.02.26-13.36.33:895][  0]ARK Version: 306.5
[2020.02.26-13.36.33:895][  0]PID: 22904
[2020.02.26-13.37.18:318][  0]Primal Game Data Took 42.49 seconds
[2020.02.26-13.38.18:764][  0]Server: "ironark" has successfully started!
[2020.02.26-13.38.28:413][  0]Commandline: "TheIsland?RCONEnabled=True?RCONPort=27054?SessionName=ironark?MaxPlayers=30?Port=27053?QueryPort=27053?NonPermanentDiseases=true?AllowRaidDinoFeeding=true?PreventDiseases=false?AutoDestroyOldStructuresMultiplier=1?ShowFloatingDamageText=true?AllowAnyoneBabyImprintCuddle=true?OverrideStructurePlatformPrevention=true?TribeLogDestroyedEnemyStructures=true?PvEAllowStructuresAtSupplyDrops=true?OverrideOfficialDifficulty=4?PreventOfflinePvPInterval=900?ServerPassword=9967?ServerAdminPassword=ironarkAdmin0?listen -ForceAllowCaveFlyers  -NoBattlEye  -clusterid= 
[2020.02.26-13.38.28:413][  0]Full Startup: 116.61 seconds (BP compile: 0.00 seconds)
[2020.02.26-13.38.28:413][  0]Number of cores 6
[2020.02.26-13.38.28:820][  4]AllActors Call During Gameplay: World Time 1636209.9, Class DinoStorage2CCA_C
[2020.02.26-13.38.58:425][878]AllActors Call During Gameplay: World Time 1636239.6, Class CompostBin_C
[2020.02.26-13.44.54:674][541]AllActors Call During Gameplay: World Time 1636595.9, Class DinoStorage2CCA_C
[2020.02.26-13.45.25:322][459]AllActors Call During Gameplay: World Time 1636626.5, Class DinoStorage2CCA_C
[2020.02.26-13.46.22:208][163]AllActors Call During Gameplay: World Time 1636683.4, Class DinoStorage2CCA_C
[2020.02.26-13.46.44:286][823]AllActors Call During Gameplay: World Time 1636705.5, Class DinoStorage2CCA_C
[2020.02.26-13.52.00:110][265]AllActors Call During Gameplay: World Time 1637021.3, Class DinoStorage2CCA_C
[2020.02.26-13.52.19:486][846]AllActors Call During Gameplay: World Time 1637040.8, Class DinoStorage2CCA_C
[2020.02.26-13.53.44:693][367]AllActors Call During Gameplay: World Time 1637125.4, Class DinoStorage2CCA_C
[2020.02.26-13.56.59:152][180]AllActors Call During Gameplay: World Time 1637319.9, Class DinoStorage2CCA_C
[2020.02.26-13.57.04:152][330]AllActors Call During Gameplay: World Time 1637324.9, Class DinoStorage2CCA_C
[2020.02.26-13.58.07:916][240]AllActors Call During Gameplay: World Time 1637388.6, Class DinoStorage2CCA_C
[2020.02.26-14.01.34:599][422]AllActors Call During Gameplay: World Time 1637595.4, Class DinoStorage2CCA_C
[2020.02.26-14.01.37:830][519]AllActors Call During Gameplay: World Time 1637598.5, Class DinoStorage2CCA_C
[2020.02.26-14.01.41:132][618]AllActors Call During Gameplay: World Time 1637601.9, Class DinoStorage2CCA_C
[2020.02.26-14.01.44:198][710]AllActors Call During Gameplay: World Time 1637604.9, Class DinoStorage2CCA_C
[2020.02.26-14.01.47:188][800]AllActors Call During Gameplay: World Time 1637607.9, Class DinoStorage2CCA_C
[2020.02.26-14.08.22:688][596]AllActors Call During Gameplay: World Time 1638002.9, Class DinoStorage2CCA_C
[2020.02.26-14.09.21:549][355]AllActors Call During Gameplay: World Time 1638061.8, Class DinoStorage2CCA_C
[2020.02.26-14.09.24:749][451]AllActors Call During Gameplay: World Time 1638065.0, Class DinoStorage2CCA_C
[2020.02.26-14.46.20:649][740]AllActors Call During Gameplay: World Time 1640279.8, Class DinoStorage2CCA_C
[2020.02.26-15.40.07:010][267]AllActors Call During Gameplay: World Time 1643504.4, Class DinoStorage2CCA_C
[2020.02.26-15.40.11:580][404]AllActors Call During Gameplay: World Time 1643508.9, Class DinoStorage2CCA_C
[2020.02.26-15.40.17:377][578]AllActors Call During Gameplay: World Time 1643514.8, Cl