[2020.01.08-19.20.50:513][  0]Log file open, 01/08/20 11:20:50
[2020.01.08-19.20.50:513][  0]LogMemory: Platform Memory Stats for WindowsServer
[2020.01.08-19.20.50:514][  0]LogMemory: Process Physical Memory: 58.80 MB used, 58.80 MB peak
[2020.01.08-19.20.50:514][  0]LogMemory: Process Virtual Memory: 50.25 MB used, 50.38 MB peak
[2020.01.08-19.20.50:514][  0]LogMemory: Physical Memory: 245765.27 MB used, 262109.80 MB total
[2020.01.08-19.20.50:514][  0]LogMemory: Virtual Memory: 286.20 MB used, 134217728.00 MB total
[2020.01.08-19.20.51:956][  0]ARK Version: 304.41
[2020.01.08-19.20.51:957][  0]PID: 12700
[2020.01.08-19.30.19:214][  0]Primal Game Data Took 548.34 seconds
[2020.01.08-19.32.07:043][  0]Server Initializing with BattlEye Anti-Cheat Protection. If you do not wish to use BattlEye, please launch with -NoBattlEye
[2020.01.08-19.32.10:047][  0]BattlEye successfully started.
[2020.01.08-19.33.13:831][  0]Server: "ironark" has successfully started!
[2020.01.08-19.33.30:805][  0]Commandline: "../../../ShooterGame/ShooterGame.uproject" "/Game/Maps/TheIslandSubMaps/TheIsland?Multihome=107.173.81.34?Port=30615?QueryPort=30616?SessionName=ironark?MaxPlayers=10?listen?ServerPassword=9967?ServerAdminPassword=ironarkAdmin0?RCONEnabled=True?RCONPort=30617?AltSaveDirectoryName=SavedArk98885" -AltSaveDirectoryName=SavedArk98885    -speedhackbias=1f            -culture=en    -NoTransferFromFiltering             -nosteamclient -game -server -log -NoCrashDialog
[2020.01.08-19.33.30:805][  0]Full Startup: 769.03 seconds (BP compile: 0.00 seconds)
[2020.01.08-19.33.30:806][  0]Number of cores 16
[2020.01.09-05.18.19:654][ 98]'SetMessageOfTheDay': Bad or missing property 'Message'
[2020.01.09-15.30.14:019][615]Closing by request
[2020.01.09-15.30.14:019][615] - FPlatformMisc::RequestExit(0)
[2020.01.09-15.30.14:022][616] - FPlatformMisc::RequestExit(1)
[2020.01.09-15.30.14:023][616]Log file closed, 01/09/20 07:30:14
