[2020.01.06-07.07.49:333][  0]Log file open, 01/05/20 23:07:49
[2020.01.06-07.07.49:333][  0]LogMemory: Platform Memory Stats for WindowsServer
[2020.01.06-07.07.49:333][  0]LogMemory: Process Physical Memory: 58.82 MB used, 58.82 MB peak
[2020.01.06-07.07.49:334][  0]LogMemory: Process Virtual Memory: 49.86 MB used, 49.99 MB peak
[2020.01.06-07.07.49:334][  0]LogMemory: Physical Memory: 220162.77 MB used, 262109.80 MB total
[2020.01.06-07.07.49:334][  0]LogMemory: Virtual Memory: 285.89 MB used, 134217728.00 MB total
[2020.01.06-07.07.49:888][  0]ARK Version: 304.41
[2020.01.06-07.07.49:888][  0]PID: 15708
[2020.01.06-07.08.57:879][  0]Primal Game Data Took 66.98 seconds
[2020.01.06-07.09.02:931][  0]Set new sublevel to load: /Game/Maps/TheIslandSubMaps/LandscapeSublevel_Winter
[2020.01.06-07.09.02:931][  0]Set existing sublevel to not load: /Game/Maps/TheIslandSubMaps/LandscapeSublevel
[2020.01.06-07.09.25:748][  0]Server Initializing with BattlEye Anti-Cheat Protection. If you do not wish to use BattlEye, please launch with -NoBattlEye
[2020.01.06-07.09.25:751][  0]BattlEye successfully started.
[2020.01.06-07.09.25:768][  0]Server: "ironark" has successfully started!
[2020.01.06-07.09.31:956][  0]Commandline: "../../../ShooterGame/ShooterGame.uproject" "/Game/Maps/TheIslandSubMaps/TheIsland?Multihome=107.173.81.34?Port=30615?QueryPort=30616?SessionName=ironark?MaxPlayers=10?listen?ServerPassword=9967?ServerAdminPassword=ironarkAdmin0?RCONEnabled=True?RCONPort=30617?AltSaveDirectoryName=SavedArk98885" -AltSaveDirectoryName=SavedArk98885    -speedhackbias=1f            -culture=en    -NoTransferFromFiltering              -nosteamclient -game -server -log -NoCrashDialog
[2020.01.06-07.09.31:956][  0]Full Startup: 104.85 seconds (BP compile: 0.00 seconds)
[2020.01.06-07.09.31:957][  0]Number of cores 16
[2020.01.06-19.20.37:083][450]Closing by request
[2020.01.06-19.20.37:083][450] - FPlatformMisc::RequestExit(0)
[2020.01.06-19.20.37:086][451] - FPlatformMisc::RequestExit(1)
[2020.01.06-19.20.37:086][451]Log file closed, 01/06/20 11:20:37
