[2020.01.07-19.20.43:317][  0]Log file open, 01/07/20 11:20:43
[2020.01.07-19.20.43:317][  0]LogMemory: Platform Memory Stats for WindowsServer
[2020.01.07-19.20.43:317][  0]LogMemory: Process Physical Memory: 58.88 MB used, 58.88 MB peak
[2020.01.07-19.20.43:318][  0]LogMemory: Process Virtual Memory: 50.04 MB used, 50.17 MB peak
[2020.01.07-19.20.43:318][  0]LogMemory: Physical Memory: 236676.03 MB used, 262109.80 MB total
[2020.01.07-19.20.43:318][  0]LogMemory: Virtual Memory: 286.22 MB used, 134217728.00 MB total
[2020.01.07-19.20.44:107][  0]ARK Version: 304.41
[2020.01.07-19.20.44:107][  0]PID: 4100
[2020.01.07-19.22.05:629][  0]Primal Game Data Took 80.02 seconds
[2020.01.07-19.22.11:571][  0]Set new sublevel to load: /Game/Maps/TheIslandSubMaps/LandscapeSublevel_Winter
[2020.01.07-19.22.11:572][  0]Set existing sublevel to not load: /Game/Maps/TheIslandSubMaps/LandscapeSublevel
[2020.01.07-19.22.39:525][  0]Server Initializing with BattlEye Anti-Cheat Protection. If you do not wish to use BattlEye, please launch with -NoBattlEye
[2020.01.07-19.22.39:529][  0]BattlEye successfully started.
[2020.01.07-19.23.32:398][  0]Server: "ironark" has successfully started!
[2020.01.07-19.23.50:714][  0]Commandline: "../../../ShooterGame/ShooterGame.uproject" "/Game/Maps/TheIslandSubMaps/TheIsland?Multihome=107.173.81.34?Port=30615?QueryPort=30616?SessionName=ironark?MaxPlayers=10?listen?ServerPassword=9967?ServerAdminPassword=ironarkAdmin0?RCONEnabled=True?RCONPort=30617?AltSaveDirectoryName=SavedArk98885" -AltSaveDirectoryName=SavedArk98885    -speedhackbias=1f            -culture=en    -NoTransferFromFiltering             -nosteamclient -game -server -log -NoCrashDialog
[2020.01.07-19.23.50:715][  0]Full Startup: 190.09 seconds (BP compile: 0.00 seconds)
[2020.01.07-19.23.50:716][  0]Number of cores 16
[2020.01.08-08.44.16:605][399]Closing by request
[2020.01.08-08.44.16:605][399] - FPlatformMisc::RequestExit(0)
[2020.01.08-08.44.16:609][400] - FPlatformMisc::RequestExit(1)
[2020.01.08-08.44.16:609][400]Log file closed, 01/08/20 00:44:16
