[2020.01.06-04.47.48:877][  0]Log file open, 01/05/20 20:47:48
[2020.01.06-04.47.48:877][  0]LogMemory: Platform Memory Stats for WindowsServer
[2020.01.06-04.47.48:878][  0]LogMemory: Process Physical Memory: 58.75 MB used, 58.75 MB peak
[2020.01.06-04.47.48:878][  0]LogMemory: Process Virtual Memory: 49.76 MB used, 49.89 MB peak
[2020.01.06-04.47.48:878][  0]LogMemory: Physical Memory: 222582.08 MB used, 262109.80 MB total
[2020.01.06-04.47.48:878][  0]LogMemory: Virtual Memory: 285.86 MB used, 134217728.00 MB total
[2020.01.06-04.47.49:645][  0]ARK Version: 304.41
[2020.01.06-04.47.49:645][  0]PID: 14652
[2020.01.06-04.49.04:531][  0]Primal Game Data Took 73.38 seconds
[2020.01.06-04.49.10:053][  0]Set new sublevel to load: /Game/Maps/TheIslandSubMaps/LandscapeSublevel_Winter
[2020.01.06-04.49.10:053][  0]Set existing sublevel to not load: /Game/Maps/TheIslandSubMaps/LandscapeSublevel
[2020.01.06-04.49.34:900][  0]Server Initializing with BattlEye Anti-Cheat Protection. If you do not wish to use BattlEye, please launch with -NoBattlEye
[2020.01.06-04.49.34:903][  0]BattlEye successfully started.
[2020.01.06-04.50.31:153][  0]Server: "ironark" has successfully started!
[2020.01.06-04.50.48:078][  0]Commandline: "../../../ShooterGame/ShooterGame.uproject" "/Game/Maps/TheIslandSubMaps/TheIsland?Multihome=107.173.81.34?Port=30615?QueryPort=30616?SessionName=ironark?MaxPlayers=10?listen?ServerPassword=9967?ServerAdminPassword=ironarkAdmin0?RCONEnabled=True?RCONPort=30617?AltSaveDirectoryName=SavedArk98885" -AltSaveDirectoryName=SavedArk98885    -speedhackbias=1f            -culture=en    -NoTransferFromFiltering              -nosteamclient -game -server -log -NoCrashDialog
[2020.01.06-04.50.48:078][  0]Full Startup: 182.20 seconds (BP compile: 0.00 seconds)
[2020.01.06-04.50.48:079][  0]Number of cores 16
[2020.01.06-06.26.44:408][477]Closing by request
[2020.01.06-06.26.44:408][477] - FPlatformMisc::RequestExit(0)
[2020.01.06-06.26.44:411][478] - FPlatformMisc::RequestExit(1)
[2020.01.06-06.26.44:411][478]Log file closed, 01/05/20 22:26:44
