[2020.01.07-12.56.25:550][  0]Log file open, 01/07/20 04:56:25
[2020.01.07-12.56.25:550][  0]LogMemory: Platform Memory Stats for WindowsServer
[2020.01.07-12.56.25:550][  0]LogMemory: Process Physical Memory: 58.78 MB used, 58.78 MB peak
[2020.01.07-12.56.25:551][  0]LogMemory: Process Virtual Memory: 50.20 MB used, 50.33 MB peak
[2020.01.07-12.56.25:551][  0]LogMemory: Physical Memory: 235024.00 MB used, 262109.80 MB total
[2020.01.07-12.56.25:551][  0]LogMemory: Virtual Memory: 286.24 MB used, 134217728.00 MB total
[2020.01.07-12.56.26:321][  0]ARK Version: 304.41
[2020.01.07-12.56.26:322][  0]PID: 13004
[2020.01.07-12.57.38:058][  0]Primal Game Data Took 70.40 seconds
[2020.01.07-12.57.43:687][  0]Set new sublevel to load: /Game/Maps/TheIslandSubMaps/LandscapeSublevel_Winter
[2020.01.07-12.57.43:687][  0]Set existing sublevel to not load: /Game/Maps/TheIslandSubMaps/LandscapeSublevel
[2020.01.07-12.58.09:463][  0]Server Initializing with BattlEye Anti-Cheat Protection. If you do not wish to use BattlEye, please launch with -NoBattlEye
[2020.01.07-12.58.09:465][  0]BattlEye successfully started.
[2020.01.07-12.58.56:301][  0]Server: "ironark" has successfully started!
[2020.01.07-12.59.11:084][  0]Commandline: "../../../ShooterGame/ShooterGame.uproject" "/Game/Maps/TheIslandSubMaps/TheIsland?Multihome=107.173.81.34?Port=30615?QueryPort=30616?SessionName=ironark?MaxPlayers=10?listen?ServerPassword=9967?ServerAdminPassword=ironarkAdmin0?RCONEnabled=True?RCONPort=30617?AltSaveDirectoryName=SavedArk98885" -AltSaveDirectoryName=SavedArk98885    -speedhackbias=1f            -culture=en    -NoTransferFromFiltering              -nosteamclient -game -server -log -NoCrashDialog
[2020.01.07-12.59.11:084][  0]Full Startup: 168.56 seconds (BP compile: 0.00 seconds)
[2020.01.07-12.59.11:085][  0]Number of cores 16
[2020.01.07-13.54.30:952][931]Closing by request
[2020.01.07-13.54.30:953][931] - FPlatformMisc::RequestExit(0)
[2020.01.07-13.54.30:955][932] - FPlatformMisc::RequestExit(1)
[2020.01.07-13.54.30:955][932]Log file closed, 01/07/20 05:54:30
