[2020.01.07-18.24.01:496][  0]Log file open, 01/07/20 10:24:01
[2020.01.07-18.24.01:496][  0]LogMemory: Platform Memory Stats for WindowsServer
[2020.01.07-18.24.01:496][  0]LogMemory: Process Physical Memory: 58.91 MB used, 58.91 MB peak
[2020.01.07-18.24.01:497][  0]LogMemory: Process Virtual Memory: 50.26 MB used, 50.39 MB peak
[2020.01.07-18.24.01:497][  0]LogMemory: Physical Memory: 237422.88 MB used, 262109.80 MB total
[2020.01.07-18.24.01:497][  0]LogMemory: Virtual Memory: 286.23 MB used, 134217728.00 MB total
[2020.01.07-18.24.02:121][  0]ARK Version: 304.41
[2020.01.07-18.24.02:122][  0]PID: 16500
[2020.01.07-18.25.14:005][  0]Primal Game Data Took 70.82 seconds
[2020.01.07-18.25.19:395][  0]Set new sublevel to load: /Game/Maps/TheIslandSubMaps/LandscapeSublevel_Winter
[2020.01.07-18.25.19:395][  0]Set existing sublevel to not load: /Game/Maps/TheIslandSubMaps/LandscapeSublevel
[2020.01.07-18.25.44:688][  0]Server Initializing with BattlEye Anti-Cheat Protection. If you do not wish to use BattlEye, please launch with -NoBattlEye
[2020.01.07-18.25.44:692][  0]BattlEye successfully started.
[2020.01.07-18.26.23:605][  0]Server: "ironark" has successfully started!
[2020.01.07-18.26.36:827][  0]Commandline: "../../../ShooterGame/ShooterGame.uproject" "/Game/Maps/TheIslandSubMaps/TheIsland?Multihome=107.173.81.34?Port=30615?QueryPort=30616?SessionName=ironark?MaxPlayers=10?listen?ServerPassword=9967?ServerAdminPassword=ironarkAdmin0?RCONEnabled=True?RCONPort=30617?AltSaveDirectoryName=SavedArk98885" -AltSaveDirectoryName=SavedArk98885    -speedhackbias=1f            -culture=en    -NoTransferFromFiltering              -nosteamclient -game -server -log -NoCrashDialog
[2020.01.07-18.26.36:828][  0]Full Startup: 157.88 seconds (BP compile: 0.00 seconds)
[2020.01.07-18.26.36:829][  0]Number of cores 16
[2020.01.07-18.47.03:328][525]Closing by request
[2020.01.07-18.47.03:328][525] - FPlatformMisc::RequestExit(0)
[2020.01.07-18.47.03:333][526] - FPlatformMisc::RequestExit(1)
[2020.01.07-18.47.03:333][526]Log file closed, 01/07/20 10:47:03
