[2020.03.01-16.24.23:950][  0]Log file open, 03/01/20 10:24:23
[2020.03.01-16.24.23:950][  0]LogMemory: Platform Memory Stats for WindowsServer
[2020.03.01-16.24.23:950][  0]LogMemory: Process Physical Memory: 59.59 MB used, 59.60 MB peak
[2020.03.01-16.24.23:950][  0]LogMemory: Process Virtual Memory: 49.91 MB used, 50.04 MB peak
[2020.03.01-16.24.23:950][  0]LogMemory: Physical Memory: 57646.08 MB used, 65436.48 MB total
[2020.03.01-16.24.23:950][  0]LogMemory: Virtual Memory: 4396.87 MB used, 134217728.00 MB total
[2020.03.01-16.24.24:333][  0]ARK Version: 306.5
[2020.03.01-16.24.24:333][  0]PID: 4356
[2020.03.01-16.25.18:108][  0]Primal Game Data Took 49.74 seconds
[2020.03.01-16.26.17:714][  0]Server: "ironark" has successfully started!
[2020.03.01-16.26.26:998][  0]Commandline: "TheIsland?RCONEnabled=True?RCONPort=27054?SessionName=ironark?MaxPlayers=30?Port=27053?QueryPort=27053?NonPermanentDiseases=true?AllowRaidDinoFeeding=true?PreventDiseases=false?AutoDestroyOldStructuresMultiplier=1?ShowFloatingDamageText=true?AllowAnyoneBabyImprintCuddle=true?OverrideStructurePlatformPrevention=true?TribeLogDestroyedEnemyStructures=true?PvEAllowStructuresAtSupplyDrops=true?OverrideOfficialDifficulty=4?PreventOfflinePvPInterval=900?ServerPassword=9967?ServerAdminPassword=ironarkAdmin0?listen -ForceAllowCaveFlyers  -NoBattlEye  -clusterid= 
[2020.03.01-16.26.26:998][  0]Full Startup: 124.98 seconds (BP compile: 0.00 seconds)
[2020.03.01-16.26.26:998][  0]Number of cores 6
[2020.03.01-16.26.27:391][  4]AllActors Call During Gameplay: World Time 1988585.4, Class DinoStorage2CCA_C
[2020.03.01-16.26.57:012][878]AllActors Call During Gameplay: World Time 1988615.1, Class CompostBin_C
[2020.03.01-16.30.02:636][428]AllActors Call During Gameplay: World Time 1988800.8, Class Rings_BP_C
[2020.03.01-16.30.52:712][925]AllActors Call During Gameplay: World Time 1988850.9, Class DinoStorage2CCA_C
[2020.03.01-16.30.55:919][ 21]AllActors Call During Gameplay: World Time 1988854.0, Class DinoStorage2CCA_C
[2020.03.01-16.37.57:478][627]AllActors Call During Gameplay: World Time 1989275.4, Class StarGates_BP_C
[2020.03.01-16.38.03:581][810]AllActors Call During Gameplay: World Time 1989281.5, Class StarGates_BP_C
[2020.03.01-16.38.12:032][ 62]AllActors Call During Gameplay: World Time 1989290.0, Class StarGates_BP_C
[2020.03.01-16.42.15:510][318]AllActors Call During Gameplay: World Time 1989533.0, Class DinoStorage2CCA_C
[2020.03.01-16.47.22:798][515]AllActors Call During Gameplay: World Time 1989840.3, Class DinoStorage2CCA_C
[2020.03.01-16.52.29:222][685]AllActors Call During Gameplay: World Time 1990146.8, Class DinoStorage2CCA_C
[2020.03.01-16.54.16:551][899]AllActors Call During Gameplay: World Time 1990254.0, Class StarGates_BP_C
[2020.03.01-16.54.20:190][  8]AllActors Call During Gameplay: World Time 1990257.6, Class StarGates_BP_C
[2020.03.01-16.54.31:859][352]AllActors Call During Gameplay: World Time 1990269.4, Class StarGates_BP_C
[2020.03.01-17.17.50:110][165]AllActors Call During Gameplay: World Time 1991666.8, Class DinoStorage2CCA_C
[2020.03.01-17.34.36:151][251]AllActors Call During Gameplay: World Time 1992672.4, Class Rings_BP_C
[2020.03.01-17.36.26:956][564]AllActors Call During Gameplay: World Time 1992783.1, Class Rings_BP_C
[2020.03.01-17.43.21:865][950]AllActors Call During Gameplay: World Time 1993197.6, Class DinoStorage2CCA_C
[2020.03.01-17.48.49:008][737]AllActors Call During Gameplay: World Time 1993524.8, Class DinoStorage2CCA_C
[2020.03.01-17.48.54:387][898]AllActors Call During Gameplay: World Time 1993530.1, Class DinoStorage2CCA_C
[2020.03.01-17.49.00:673][ 86]AllActors Call During Gameplay: World Time 1993536.4, Class DinoStorage2CCA_C
[2020.03.01-17.49.06:114][249]AllActors Call During Gameplay: World Time 1993541.9, Class DinoStorage2CCA_C
[2020.03.01-17.49.09:462][349]AllActors Call During Gameplay: World Time 1993545.3, Class DinoStorage2CCA_C
[2020.03.01-17.50.42:688][138]AllActors Call During Gameplay: World Time 1993638.4, Class StarGates_BP_C
[2020.03.01-17.50.48