[2020.01.07-18.47.28:837][  0]Log file open, 01/07/20 10:47:28
[2020.01.07-18.47.28:837][  0]LogMemory: Platform Memory Stats for WindowsServer
[2020.01.07-18.47.28:837][  0]LogMemory: Process Physical Memory: 58.80 MB used, 58.80 MB peak
[2020.01.07-18.47.28:837][  0]LogMemory: Process Virtual Memory: 50.07 MB used, 50.20 MB peak
[2020.01.07-18.47.28:837][  0]LogMemory: Physical Memory: 237844.75 MB used, 262109.80 MB total
[2020.01.07-18.47.28:838][  0]LogMemory: Virtual Memory: 286.20 MB used, 134217728.00 MB total
[2020.01.07-18.47.29:470][  0]ARK Version: 304.41
[2020.01.07-18.47.29:470][  0]PID: 7084
[2020.01.07-18.48.42:416][  0]Primal Game Data Took 71.86 seconds
[2020.01.07-18.48.48:135][  0]Set new sublevel to load: /Game/Maps/TheIslandSubMaps/LandscapeSublevel_Winter
[2020.01.07-18.48.48:135][  0]Set existing sublevel to not load: /Game/Maps/TheIslandSubMaps/LandscapeSublevel
[2020.01.07-18.49.15:960][  0]Server Initializing with BattlEye Anti-Cheat Protection. If you do not wish to use BattlEye, please launch with -NoBattlEye
[2020.01.07-18.49.15:963][  0]BattlEye successfully started.
[2020.01.07-18.50.03:854][  0]Server: "ironark" has successfully started!
[2020.01.07-18.50.18:334][  0]Commandline: "../../../ShooterGame/ShooterGame.uproject" "/Game/Maps/TheIslandSubMaps/TheIsland?Multihome=107.173.81.34?Port=30615?QueryPort=30616?SessionName=ironark?MaxPlayers=10?listen?ServerPassword=9967?ServerAdminPassword=ironarkAdmin0?RCONEnabled=True?RCONPort=30617?AltSaveDirectoryName=SavedArk98885" -AltSaveDirectoryName=SavedArk98885    -speedhackbias=1f            -culture=en    -NoTransferFromFiltering              -nosteamclient -game -server -log -NoCrashDialog
[2020.01.07-18.50.18:334][  0]Full Startup: 172.11 seconds (BP compile: 0.00 seconds)
[2020.01.07-18.50.18:335][  0]Number of cores 16
[2020.01.07-18.59.06:953][684]Closing by request
[2020.01.07-18.59.06:954][684] - FPlatformMisc::RequestExit(0)
[2020.01.07-18.59.06:958][685] - FPlatformMisc::RequestExit(1)
[2020.01.07-18.59.06:958][685]Log file closed, 01/07/20 10:59:06
