[2020.01.07-17.29.32:971][  0]Log file open, 01/07/20 09:29:32
[2020.01.07-17.29.32:971][  0]LogMemory: Platform Memory Stats for WindowsServer
[2020.01.07-17.29.32:972][  0]LogMemory: Process Physical Memory: 58.87 MB used, 58.87 MB peak
[2020.01.07-17.29.32:972][  0]LogMemory: Process Virtual Memory: 50.30 MB used, 50.43 MB peak
[2020.01.07-17.29.32:973][  0]LogMemory: Physical Memory: 237723.25 MB used, 262109.80 MB total
[2020.01.07-17.29.32:973][  0]LogMemory: Virtual Memory: 286.21 MB used, 134217728.00 MB total
[2020.01.07-17.29.33:766][  0]ARK Version: 304.41
[2020.01.07-17.29.33:767][  0]PID: 5844
[2020.01.07-17.30.50:753][  0]Primal Game Data Took 75.62 seconds
[2020.01.07-17.30.56:603][  0]Set new sublevel to load: /Game/Maps/TheIslandSubMaps/LandscapeSublevel_Winter
[2020.01.07-17.30.56:603][  0]Set existing sublevel to not load: /Game/Maps/TheIslandSubMaps/LandscapeSublevel
[2020.01.07-17.31.24:500][  0]Server Initializing with BattlEye Anti-Cheat Protection. If you do not wish to use BattlEye, please launch with -NoBattlEye
[2020.01.07-17.31.24:503][  0]BattlEye successfully started.
[2020.01.07-17.32.09:740][  0]Server: "ironark" has successfully started!
[2020.01.07-17.32.23:997][  0]Commandline: "../../../ShooterGame/ShooterGame.uproject" "/Game/Maps/TheIslandSubMaps/TheIsland?Multihome=107.173.81.34?Port=30615?QueryPort=30616?SessionName=ironark?MaxPlayers=10?listen?ServerPassword=9967?ServerAdminPassword=ironarkAdmin0?RCONEnabled=True?RCONPort=30617?AltSaveDirectoryName=SavedArk98885" -AltSaveDirectoryName=SavedArk98885    -speedhackbias=1f            -culture=en    -NoTransferFromFiltering              -nosteamclient -game -server -log -NoCrashDialog
[2020.01.07-17.32.23:997][  0]Full Startup: 174.19 seconds (BP compile: 0.00 seconds)
[2020.01.07-17.32.23:998][  0]Number of cores 16
[2020.01.07-18.21.19:863][597]Closing by request
[2020.01.07-18.21.19:864][597] - FPlatformMisc::RequestExit(0)
[2020.01.07-18.21.19:870][598] - FPlatformMisc::RequestExit(1)
[2020.01.07-18.21.19:870][598]Log file closed, 01/07/20 10:21:19
