[2020.01.06-22.19.06:580][  0]Log file open, 01/06/20 14:19:06
[2020.01.06-22.19.06:580][  0]LogMemory: Platform Memory Stats for WindowsServer
[2020.01.06-22.19.06:580][  0]LogMemory: Process Physical Memory: 58.78 MB used, 58.78 MB peak
[2020.01.06-22.19.06:581][  0]LogMemory: Process Virtual Memory: 50.24 MB used, 50.37 MB peak
[2020.01.06-22.19.06:581][  0]LogMemory: Physical Memory: 231279.84 MB used, 262109.80 MB total
[2020.01.06-22.19.06:581][  0]LogMemory: Virtual Memory: 285.91 MB used, 134217728.00 MB total
[2020.01.06-22.19.08:404][  0]ARK Version: 304.41
[2020.01.06-22.19.08:408][  0]PID: 9108
[2020.01.06-22.28.15:934][  0]Primal Game Data Took 536.61 seconds
[2020.01.06-22.28.30:819][  0]Set new sublevel to load: /Game/Maps/TheIslandSubMaps/LandscapeSublevel_Winter
[2020.01.06-22.28.30:819][  0]Set existing sublevel to not load: /Game/Maps/TheIslandSubMaps/LandscapeSublevel
[2020.01.06-22.29.59:755][  0]Server Initializing with BattlEye Anti-Cheat Protection. If you do not wish to use BattlEye, please launch with -NoBattlEye
[2020.01.06-22.29.59:856][  0]BattlEye successfully started.
[2020.01.06-22.29.59:877][  0]Server: "ironark" has successfully started!
[2020.01.06-22.30.07:177][  0]Commandline: "../../../ShooterGame/ShooterGame.uproject" "/Game/Maps/TheIslandSubMaps/TheIsland?Multihome=107.173.81.34?Port=30615?QueryPort=30616?SessionName=ironark?MaxPlayers=10?listen?ServerPassword=9967?ServerAdminPassword=ironarkAdmin0?RCONEnabled=True?RCONPort=30617?AltSaveDirectoryName=SavedArk98885" -AltSaveDirectoryName=SavedArk98885    -speedhackbias=1f            -culture=en    -NoTransferFromFiltering              -nosteamclient -game -server -log -NoCrashDialog
[2020.01.06-22.30.07:178][  0]Full Startup: 667.18 seconds (BP compile: 0.00 seconds)
[2020.01.06-22.30.07:179][  0]Number of cores 16
[2020.01.06-22.32.24:412][337]Closing by request
[2020.01.06-22.32.24:412][337] - FPlatformMisc::RequestExit(0)
[2020.01.06-22.32.24:415][338] - FPlatformMisc::RequestExit(1)
[2020.01.06-22.32.24:415][338]Log file closed, 01/06/20 14:32:24
