[2020.02.28-13.01.24:574][  0]Log file open, 02/28/20 07:01:24
[2020.02.28-13.01.24:574][  0]LogMemory: Platform Memory Stats for WindowsServer
[2020.02.28-13.01.24:574][  0]LogMemory: Process Physical Memory: 59.59 MB used, 59.59 MB peak
[2020.02.28-13.01.24:574][  0]LogMemory: Process Virtual Memory: 49.63 MB used, 49.76 MB peak
[2020.02.28-13.01.24:574][  0]LogMemory: Physical Memory: 50404.08 MB used, 65436.48 MB total
[2020.02.28-13.01.24:574][  0]LogMemory: Virtual Memory: 4396.88 MB used, 134217728.00 MB total
[2020.02.28-13.01.24:950][  0]ARK Version: 306.5
[2020.02.28-13.01.24:950][  0]PID: 3204
[2020.02.28-13.02.16:597][  0]Primal Game Data Took 47.97 seconds
[2020.02.28-13.03.15:482][  0]Server: "ironark" has successfully started!
[2020.02.28-13.03.25:240][  0]Commandline: "TheIsland?RCONEnabled=True?RCONPort=27054?SessionName=ironark?MaxPlayers=30?Port=27053?QueryPort=27053?NonPermanentDiseases=true?AllowRaidDinoFeeding=true?PreventDiseases=false?AutoDestroyOldStructuresMultiplier=1?ShowFloatingDamageText=true?AllowAnyoneBabyImprintCuddle=true?OverrideStructurePlatformPrevention=true?TribeLogDestroyedEnemyStructures=true?PvEAllowStructuresAtSupplyDrops=true?OverrideOfficialDifficulty=4?PreventOfflinePvPInterval=900?ServerPassword=9967?ServerAdminPassword=ironarkAdmin0?listen -ForceAllowCaveFlyers  -NoBattlEye  -clusterid= 
[2020.02.28-13.03.25:240][  0]Full Startup: 122.67 seconds (BP compile: 0.00 seconds)
[2020.02.28-13.03.25:240][  0]Number of cores 6
[2020.02.28-13.03.25:644][  4]AllActors Call During Gameplay: World Time 1805165.4, Class DinoStorage2CCA_C
[2020.02.28-13.03.55:249][881]AllActors Call During Gameplay: World Time 1805195.1, Class CompostBin_C
[2020.02.28-13.11.01:169][590]AllActors Call During Gameplay: World Time 1805621.0, Class DinoStorage2CCA_C
[2020.02.28-13.11.11:074][887]AllActors Call During Gameplay: World Time 1805631.0, Class DinoStorage2CCA_C
[2020.02.28-13.11.15:413][ 17]AllActors Call During Gameplay: World Time 1805635.3, Class DinoStorage2CCA_C
[2020.02.28-13.11.22:913][242]AllActors Call During Gameplay: World Time 1805642.8, Class DinoStorage2CCA_C
[2020.02.28-13.11.26:149][336]AllActors Call During Gameplay: World Time 1805646.0, Class DinoStorage2CCA_C
[2020.02.28-13.11.36:449][645]AllActors Call During Gameplay: World Time 1805656.4, Class DinoStorage2CCA_C
[2020.02.28-13.11.48:873][ 16]AllActors Call During Gameplay: World Time 1805668.8, Class DinoStorage2CCA_C
[2020.02.28-13.21.51:305][ 24]AllActors Call During Gameplay: World Time 1806270.8, Class DinoStorage2CCA_C
[2020.02.28-13.21.55:738][157]AllActors Call During Gameplay: World Time 1806275.1, Class DinoStorage2CCA_C
[2020.02.28-13.22.07:119][498]AllActors Call During Gameplay: World Time 1806286.5, Class DinoStorage2CCA_C
[2020.02.28-13.22.14:756][727]AllActors Call During Gameplay: World Time 1806294.3, Class DinoStorage2CCA_C
[2020.02.28-13.43.36:535][ 75]AllActors Call During Gameplay: World Time 1807575.6, Class DinoStorage2CCA_C
[2020.02.28-14.23.49:010][213]AllActors Call During Gameplay: World Time 1809986.8, Class StarGates_BP_C
[2020.02.28-14.23.53:262][340]AllActors Call During Gameplay: World Time 1809991.1, Class StarGates_BP_C
[2020.02.28-14.23.59:855][538]AllActors Call During Gameplay: World Time 1809997.6, Class StarGates_BP_C
[2020.02.28-16.27.35:296][798]AllActors Call During Gameplay: World Time 1817409.8, Class DinoStorage2CCA_C
[2020.02.28-16.32.01:887][774]AllActors Call During Gameplay: World Time 1817676.4, Class StarGates_BP_C
[2020.02.28-16.32.05:931][895]AllActors Call During Gameplay: World Time 1817680.4, Class StarGates_BP_C
[2020.02.28-16.32.32:965][702]AllActors Call During Gameplay: World Time 1817707.4, Class StarGates_BP_C
[2020.02.28-16.33.57:136][193]AllActors Call During Gameplay: World Time 1817791.1, Class DinoStorage2CCA_C
[2020.02.28-16.34.02:837][361]AllActors Call During Gameplay: World Time 1817796.9, Class DinoStorage2CCA_C
[2020.02.28-16.34.07:119][489]AllActors Call During Gameplay: World Time 1817801.1, Class DinoStorage2CCA